Analysis & Synthesis report for lab3
Thu Oct 23 11:14:17 2025
Quartus Prime Version 20.1.1 Build 720 11/11/2020 SJ Lite Edition


---------------------
; Table of Contents ;
---------------------
  1. Legal Notice
  2. Analysis & Synthesis Summary
  3. Analysis & Synthesis Settings
  4. Parallel Compilation
  5. Analysis & Synthesis Source Files Read
  6. Analysis & Synthesis Resource Usage Summary
  7. Analysis & Synthesis Resource Utilization by Entity
  8. Analysis & Synthesis RAM Summary
  9. Analysis & Synthesis IP Cores Summary
 10. General Register Statistics
 11. Inverted Register Statistics
 12. Source assignments for MEM_lab3:inst7|altsyncram:altsyncram_component|altsyncram_nho1:auto_generated
 13. Source assignments for MEM2_lab3:inst8|altsyncram:altsyncram_component|altsyncram_cgo1:auto_generated
 14. Parameter Settings for User Entity Instance: MEM_lab3:inst7|altsyncram:altsyncram_component
 15. Parameter Settings for User Entity Instance: MEM2_lab3:inst8|altsyncram:altsyncram_component
 16. altsyncram Parameter Settings by Entity Instance
 17. Post-Synthesis Netlist Statistics for Top Partition
 18. Elapsed Time Per Partition
 19. Analysis & Synthesis Messages



----------------
; Legal Notice ;
----------------
Copyright (C) 2020  Intel Corporation. All rights reserved.
Your use of Intel Corporation's design tools, logic functions 
and other software and tools, and any partner logic 
functions, and any output files from any of the foregoing 
(including device programming or simulation files), and any 
associated documentation or information are expressly subject 
to the terms and conditions of the Intel Program License 
Subscription Agreement, the Intel Quartus Prime License Agreement,
the Intel FPGA IP License Agreement, or other applicable license
agreement, including, without limitation, that your use is for
the sole purpose of programming logic devices manufactured by
Intel and sold by Intel or its authorized distributors.  Please
refer to the applicable agreement for further details, at
https://fpgasoftware.intel.com/eula.



+-------------------------------------------------------------------------------+
; Analysis & Synthesis Summary                                                  ;
+---------------------------------+---------------------------------------------+
; Analysis & Synthesis Status     ; Successful - Thu Oct 23 11:14:17 2025       ;
; Quartus Prime Version           ; 20.1.1 Build 720 11/11/2020 SJ Lite Edition ;
; Revision Name                   ; lab3                                        ;
; Top-level Entity Name           ; lab3                                        ;
; Family                          ; Cyclone V                                   ;
; Logic utilization (in ALMs)     ; N/A                                         ;
; Total registers                 ; 88                                          ;
; Total pins                      ; 4                                           ;
; Total virtual pins              ; 0                                           ;
; Total block memory bits         ; 3,072                                       ;
; Total DSP Blocks                ; 0                                           ;
; Total HSSI RX PCSs              ; 0                                           ;
; Total HSSI PMA RX Deserializers ; 0                                           ;
; Total HSSI TX PCSs              ; 0                                           ;
; Total HSSI PMA TX Serializers   ; 0                                           ;
; Total PLLs                      ; 0                                           ;
; Total DLLs                      ; 0                                           ;
+---------------------------------+---------------------------------------------+


+---------------------------------------------------------------------------------------------------------------------------+
; Analysis & Synthesis Settings                                                                                             ;
+---------------------------------------------------------------------------------+--------------------+--------------------+
; Option                                                                          ; Setting            ; Default Value      ;
+---------------------------------------------------------------------------------+--------------------+--------------------+
; Device                                                                          ; 5CSEMA5F31C6       ;                    ;
; Top-level entity name                                                           ; lab3               ; lab3               ;
; Family name                                                                     ; Cyclone V          ; Cyclone V          ;
; Use smart compilation                                                           ; Off                ; Off                ;
; Enable parallel Assembler and Timing Analyzer during compilation                ; On                 ; On                 ;
; Enable compact report table                                                     ; Off                ; Off                ;
; Restructure Multiplexers                                                        ; Auto               ; Auto               ;
; MLAB Add Timing Constraints For Mixed-Port Feed-Through Mode Setting Don't Care ; Off                ; Off                ;
; Create Debugging Nodes for IP Cores                                             ; Off                ; Off                ;
; Preserve fewer node names                                                       ; On                 ; On                 ;
; Intel FPGA IP Evaluation Mode                                                   ; Enable             ; Enable             ;
; Verilog Version                                                                 ; Verilog_2001       ; Verilog_2001       ;
; VHDL Version                                                                    ; VHDL_1993          ; VHDL_1993          ;
; State Machine Processing                                                        ; Auto               ; Auto               ;
; Safe State Machine                                                              ; Off                ; Off                ;
; Extract Verilog State Machines                                                  ; On                 ; On                 ;
; Extract VHDL State Machines                                                     ; On                 ; On                 ;
; Ignore Verilog initial constructs                                               ; Off                ; Off                ;
; Iteration limit for constant Verilog loops                                      ; 5000               ; 5000               ;
; Iteration limit for non-constant Verilog loops                                  ; 250                ; 250                ;
; Add Pass-Through Logic to Inferred RAMs                                         ; On                 ; On                 ;
; Infer RAMs from Raw Logic                                                       ; On                 ; On                 ;
; Parallel Synthesis                                                              ; On                 ; On                 ;
; DSP Block Balancing                                                             ; Auto               ; Auto               ;
; NOT Gate Push-Back                                                              ; On                 ; On                 ;
; Power-Up Don't Care                                                             ; On                 ; On                 ;
; Remove Redundant Logic Cells                                                    ; Off                ; Off                ;
; Remove Duplicate Registers                                                      ; On                 ; On                 ;
; Ignore CARRY Buffers                                                            ; Off                ; Off                ;
; Ignore CASCADE Buffers                                                          ; Off                ; Off                ;
; Ignore GLOBAL Buffers                                                           ; Off                ; Off                ;
; Ignore ROW GLOBAL Buffers                                                       ; Off                ; Off                ;
; Ignore LCELL Buffers                                                            ; Off                ; Off                ;
; Ignore SOFT Buffers                                                             ; On                 ; On                 ;
; Limit AHDL Integers to 32 Bits                                                  ; Off                ; Off                ;
; Optimization Technique                                                          ; Balanced           ; Balanced           ;
; Carry Chain Length                                                              ; 70                 ; 70                 ;
; Auto Carry Chains                                                               ; On                 ; On                 ;
; Auto Open-Drain Pins                                                            ; On                 ; On                 ;
; Perform WYSIWYG Primitive Resynthesis                                           ; Off                ; Off                ;
; Auto ROM Replacement                                                            ; On                 ; On                 ;
; Auto RAM Replacement                                                            ; On                 ; On                 ;
; Auto DSP Block Replacement                                                      ; On                 ; On                 ;
; Auto Shift Register Replacement                                                 ; Auto               ; Auto               ;
; Allow Shift Register Merging across Hierarchies                                 ; Auto               ; Auto               ;
; Auto Clock Enable Replacement                                                   ; On                 ; On                 ;
; Strict RAM Replacement                                                          ; Off                ; Off                ;
; Allow Synchronous Control Signals                                               ; On                 ; On                 ;
; Force Use of Synchronous Clear Signals                                          ; Off                ; Off                ;
; Auto Resource Sharing                                                           ; Off                ; Off                ;
; Allow Any RAM Size For Recognition                                              ; Off                ; Off                ;
; Allow Any ROM Size For Recognition                                              ; Off                ; Off                ;
; Allow Any Shift Register Size For Recognition                                   ; Off                ; Off                ;
; Use LogicLock Constraints during Resource Balancing                             ; On                 ; On                 ;
; Ignore translate_off and synthesis_off directives                               ; Off                ; Off                ;
; Timing-Driven Synthesis                                                         ; On                 ; On                 ;
; Report Parameter Settings                                                       ; On                 ; On                 ;
; Report Source Assignments                                                       ; On                 ; On                 ;
; Report Connectivity Checks                                                      ; On                 ; On                 ;
; Ignore Maximum Fan-Out Assignments                                              ; Off                ; Off                ;
; Synchronization Register Chain Length                                           ; 3                  ; 3                  ;
; Power Optimization During Synthesis                                             ; Normal compilation ; Normal compilation ;
; HDL message level                                                               ; Level2             ; Level2             ;
; Suppress Register Optimization Related Messages                                 ; Off                ; Off                ;
; Number of Removed Registers Reported in Synthesis Report                        ; 5000               ; 5000               ;
; Number of Swept Nodes Reported in Synthesis Report                              ; 5000               ; 5000               ;
; Number of Inverted Registers Reported in Synthesis Report                       ; 100                ; 100                ;
; Clock MUX Protection                                                            ; On                 ; On                 ;
; Auto Gated Clock Conversion                                                     ; Off                ; Off                ;
; Block Design Naming                                                             ; Auto               ; Auto               ;
; SDC constraint protection                                                       ; Off                ; Off                ;
; Synthesis Effort                                                                ; Auto               ; Auto               ;
; Shift Register Replacement - Allow Asynchronous Clear Signal                    ; On                 ; On                 ;
; Pre-Mapping Resynthesis Optimization                                            ; Off                ; Off                ;
; Analysis & Synthesis Message Level                                              ; Medium             ; Medium             ;
; Disable Register Merging Across Hierarchies                                     ; Auto               ; Auto               ;
; Resource Aware Inference For Block RAM                                          ; On                 ; On                 ;
; Automatic Parallel Synthesis                                                    ; On                 ; On                 ;
; Partial Reconfiguration Bitstream ID                                            ; Off                ; Off                ;
+---------------------------------------------------------------------------------+--------------------+--------------------+


+------------------------------------------+
; Parallel Compilation                     ;
+----------------------------+-------------+
; Processors                 ; Number      ;
+----------------------------+-------------+
; Number detected on machine ; 4           ;
; Maximum allowed            ; 4           ;
;                            ;             ;
; Average used               ; 1.00        ;
; Maximum used               ; 4           ;
;                            ;             ;
; Usage by Processor         ; % Time Used ;
;     Processor 1            ; 100.0%      ;
;     Processors 2-4         ;   0.0%      ;
+----------------------------+-------------+


+--------------------------------------------------------------------------------------------------------------------------------------------------------------------------------------------------------+
; Analysis & Synthesis Source Files Read                                                                                                                                                                 ;
+----------------------------------+-----------------+----------------------------------------+------------------------------------------------------------------------------------------------+---------+
; File Name with User-Entered Path ; Used in Netlist ; File Type                              ; File Name with Absolute Path                                                                   ; Library ;
+----------------------------------+-----------------+----------------------------------------+------------------------------------------------------------------------------------------------+---------+
; divb.v                           ; yes             ; User Verilog HDL File                  ; C:/Users/USER/Downloads/ee_experiment_lab3-main/ee_experiment_lab3-main/divb.v                 ;         ;
; outputre.v                       ; yes             ; User Verilog HDL File                  ; C:/Users/USER/Downloads/ee_experiment_lab3-main/ee_experiment_lab3-main/outputre.v             ;         ;
; decoder.v                        ; yes             ; User Verilog HDL File                  ; C:/Users/USER/Downloads/ee_experiment_lab3-main/ee_experiment_lab3-main/decoder.v              ;         ;
; mend.v                           ; yes             ; User Verilog HDL File                  ; C:/Users/USER/Downloads/ee_experiment_lab3-main/ee_experiment_lab3-main/mend.v                 ;         ;
; divo.v                           ; yes             ; User Verilog HDL File                  ; C:/Users/USER/Downloads/ee_experiment_lab3-main/ee_experiment_lab3-main/divo.v                 ;         ;
; AG.v                             ; yes             ; User Verilog HDL File                  ; C:/Users/USER/Downloads/ee_experiment_lab3-main/ee_experiment_lab3-main/AG.v                   ;         ;
; comp.v                           ; yes             ; User Verilog HDL File                  ; C:/Users/USER/Downloads/ee_experiment_lab3-main/ee_experiment_lab3-main/comp.v                 ;         ;
; counter.v                        ; yes             ; User Verilog HDL File                  ; C:/Users/USER/Downloads/ee_experiment_lab3-main/ee_experiment_lab3-main/counter.v              ;         ;
; mclkand.v                        ; yes             ; User Verilog HDL File                  ; C:/Users/USER/Downloads/ee_experiment_lab3-main/ee_experiment_lab3-main/mclkand.v              ;         ;
; lab3.bdf                         ; yes             ; User Block Diagram/Schematic File      ; C:/Users/USER/Downloads/ee_experiment_lab3-main/ee_experiment_lab3-main/lab3.bdf               ;         ;
; MEM_lab3.v                       ; yes             ; User Wizard-Generated File             ; C:/Users/USER/Downloads/ee_experiment_lab3-main/ee_experiment_lab3-main/MEM_lab3.v             ;         ;
; MEM2_lab3.v                      ; yes             ; User Wizard-Generated File             ; C:/Users/USER/Downloads/ee_experiment_lab3-main/ee_experiment_lab3-main/MEM2_lab3.v            ;         ;
; altsyncram.tdf                   ; yes             ; Megafunction                           ; c:/intelfpga_lite/20.1/quartus/libraries/megafunctions/altsyncram.tdf                          ;         ;
; stratix_ram_block.inc            ; yes             ; Megafunction                           ; c:/intelfpga_lite/20.1/quartus/libraries/megafunctions/stratix_ram_block.inc                   ;         ;
; lpm_mux.inc                      ; yes             ; Megafunction                           ; c:/intelfpga_lite/20.1/quartus/libraries/megafunctions/lpm_mux.inc                             ;         ;
; lpm_decode.inc                   ; yes             ; Megafunction                           ; c:/intelfpga_lite/20.1/quartus/libraries/megafunctions/lpm_decode.inc                          ;         ;
; aglobal201.inc                   ; yes             ; Megafunction                           ; c:/intelfpga_lite/20.1/quartus/libraries/megafunctions/aglobal201.inc                          ;         ;
; a_rdenreg.inc                    ; yes             ; Megafunction                           ; c:/intelfpga_lite/20.1/quartus/libraries/megafunctions/a_rdenreg.inc                           ;         ;
; altrom.inc                       ; yes             ; Megafunction                           ; c:/intelfpga_lite/20.1/quartus/libraries/megafunctions/altrom.inc                              ;         ;
; altram.inc                       ; yes             ; Megafunction                           ; c:/intelfpga_lite/20.1/quartus/libraries/megafunctions/altram.inc                              ;         ;
; altdpram.inc                     ; yes             ; Megafunction                           ; c:/intelfpga_lite/20.1/quartus/libraries/megafunctions/altdpram.inc                            ;         ;
; db/altsyncram_nho1.tdf           ; yes             ; Auto-Generated Megafunction            ; C:/Users/USER/Downloads/ee_experiment_lab3-main/ee_experiment_lab3-main/db/altsyncram_nho1.tdf ;         ;
; ../song_A.mif                    ; yes             ; Auto-Found Memory Initialization File  ; C:/Users/USER/Downloads/ee_experiment_lab3-main/ee_experiment_lab3-main/song_A.mif             ;         ;
; db/altsyncram_cgo1.tdf           ; yes             ; Auto-Generated Megafunction            ; C:/Users/USER/Downloads/ee_experiment_lab3-main/ee_experiment_lab3-main/db/altsyncram_cgo1.tdf ;         ;
; ../sound1.mif                    ; yes             ; Auto-Found Memory Initialization File  ; C:/Users/USER/Downloads/ee_experiment_lab3-main/ee_experiment_lab3-main/sound1.mif             ;         ;
+----------------------------------+-----------------+----------------------------------------+------------------------------------------------------------------------------------------------+---------+


+---------------------------------------------------------+
; Analysis & Synthesis Resource Usage Summary             ;
+---------------------------------------------+-----------+
; Resource                                    ; Usage     ;
+---------------------------------------------+-----------+
; Estimate of Logic utilization (ALMs needed) ; 117       ;
;                                             ;           ;
; Combinational ALUT usage for logic          ; 182       ;
;     -- 7 input functions                    ; 0         ;
;     -- 6 input functions                    ; 51        ;
;     -- 5 input functions                    ; 8         ;
;     -- 4 input functions                    ; 26        ;
;     -- <=3 input functions                  ; 97        ;
;                                             ;           ;
; Dedicated logic registers                   ; 88        ;
;                                             ;           ;
; I/O pins                                    ; 4         ;
; Total MLAB memory bits                      ; 0         ;
; Total block memory bits                     ; 3072      ;
;                                             ;           ;
; Total DSP Blocks                            ; 0         ;
;                                             ;           ;
; Maximum fan-out node                        ; Clk~input ;
; Maximum fan-out                             ; 107       ;
; Total fan-out                               ; 1275      ;
; Average fan-out                             ; 4.01      ;
+---------------------------------------------+-----------+


+----------------------------------------------------------------------------------------------------------------------------------------------------------------------------------------------------------------------------------------------------------------------------+
; Analysis & Synthesis Resource Utilization by Entity                                                                                                                                                                                                                        ;
+-------------------------------------------+---------------------+---------------------------+-------------------+------------+------+--------------+--------------------------------------------------------------------------------------+-----------------+--------------+
; Compilation Hierarchy Node                ; Combinational ALUTs ; Dedicated Logic Registers ; Block Memory Bits ; DSP Blocks ; Pins ; Virtual Pins ; Full Hierarchy Name                                                                  ; Entity Name     ; Library Name ;
+-------------------------------------------+---------------------+---------------------------+-------------------+------------+------+--------------+--------------------------------------------------------------------------------------+-----------------+--------------+
; |lab3                                     ; 182 (1)             ; 88 (0)                    ; 3072              ; 0          ; 4    ; 0            ; |lab3                                                                                ; lab3            ; work         ;
;    |AG:inst|                              ; 9 (9)               ; 15 (15)                   ; 0                 ; 0          ; 0    ; 0            ; |lab3|AG:inst                                                                        ; AG              ; work         ;
;    |MEM2_lab3:inst8|                      ; 0 (0)               ; 0 (0)                     ; 1024              ; 0          ; 0    ; 0            ; |lab3|MEM2_lab3:inst8                                                                ; MEM2_lab3       ; work         ;
;       |altsyncram:altsyncram_component|   ; 0 (0)               ; 0 (0)                     ; 1024              ; 0          ; 0    ; 0            ; |lab3|MEM2_lab3:inst8|altsyncram:altsyncram_component                                ; altsyncram      ; work         ;
;          |altsyncram_cgo1:auto_generated| ; 0 (0)               ; 0 (0)                     ; 1024              ; 0          ; 0    ; 0            ; |lab3|MEM2_lab3:inst8|altsyncram:altsyncram_component|altsyncram_cgo1:auto_generated ; altsyncram_cgo1 ; work         ;
;    |MEM_lab3:inst7|                       ; 0 (0)               ; 0 (0)                     ; 2048              ; 0          ; 0    ; 0            ; |lab3|MEM_lab3:inst7                                                                 ; MEM_lab3        ; work         ;
;       |altsyncram:altsyncram_component|   ; 0 (0)               ; 0 (0)                     ; 2048              ; 0          ; 0    ; 0            ; |lab3|MEM_lab3:inst7|altsyncram:altsyncram_component                                 ; altsyncram      ; work         ;
;          |altsyncram_nho1:auto_generated| ; 0 (0)               ; 0 (0)                     ; 2048              ; 0          ; 0    ; 0            ; |lab3|MEM_lab3:inst7|altsyncram:altsyncram_component|altsyncram_nho1:auto_generated  ; altsyncram_nho1 ; work         ;
;    |comp:inst3|                           ; 3 (3)               ; 1 (1)                     ; 0                 ; 0          ; 0    ; 0            ; |lab3|comp:inst3                                                                     ; comp            ; work         ;
;    |counter:inst2|                        ; 6 (6)               ; 6 (6)                     ; 0                 ; 0          ; 0    ; 0            ; |lab3|counter:inst2                                                                  ; counter         ; work         ;
;    |divb:inst1|                           ; 47 (47)             ; 33 (33)                   ; 0                 ; 0          ; 0    ; 0            ; |lab3|divb:inst1                                                                     ; divb            ; work         ;
;    |divo:inst5|                           ; 112 (112)           ; 33 (33)                   ; 0                 ; 0          ; 0    ; 0            ; |lab3|divo:inst5                                                                     ; divo            ; work         ;
;    |mclkand:inst15|                       ; 1 (1)               ; 0 (0)                     ; 0                 ; 0          ; 0    ; 0            ; |lab3|mclkand:inst15                                                                 ; mclkand         ; work         ;
;    |mend:inst11|                          ; 1 (1)               ; 0 (0)                     ; 0                 ; 0          ; 0    ; 0            ; |lab3|mend:inst11                                                                    ; mend            ; work         ;
;    |outputre:inst4|                       ; 2 (2)               ; 0 (0)                     ; 0                 ; 0          ; 0    ; 0            ; |lab3|outputre:inst4                                                                 ; outputre        ; work         ;
+-------------------------------------------+---------------------+---------------------------+-------------------+------------+------+--------------+--------------------------------------------------------------------------------------+-----------------+--------------+
Note: For table entries with two numbers listed, the numbers in parentheses indicate the number of resources of the given type used by the specific entity alone. The numbers listed outside of parentheses indicate the total resources of the given type used by the specific entity and all of its sub-entities in the hierarchy.


+---------------------------------------------------------------------------------------------------------------------------------------------------------------------------------------------------+
; Analysis & Synthesis RAM Summary                                                                                                                                                                  ;
+-------------------------------------------------------------------------------------------+------+-------------+--------------+--------------+--------------+--------------+------+---------------+
; Name                                                                                      ; Type ; Mode        ; Port A Depth ; Port A Width ; Port B Depth ; Port B Width ; Size ; MIF           ;
+-------------------------------------------------------------------------------------------+------+-------------+--------------+--------------+--------------+--------------+------+---------------+
; MEM2_lab3:inst8|altsyncram:altsyncram_component|altsyncram_cgo1:auto_generated|ALTSYNCRAM ; AUTO ; Single Port ; 32           ; 32           ; --           ; --           ; 1024 ; ../sound1.mif ;
; MEM_lab3:inst7|altsyncram:altsyncram_component|altsyncram_nho1:auto_generated|ALTSYNCRAM  ; AUTO ; Single Port ; 256          ; 8            ; --           ; --           ; 2048 ; ../song_A.mif ;
+-------------------------------------------------------------------------------------------+------+-------------+--------------+--------------+--------------+--------------+------+---------------+


+---------------------------------------------------------------------------------------------------------+
; Analysis & Synthesis IP Cores Summary                                                                   ;
+--------+--------------+---------+--------------+--------------+-----------------------+-----------------+
; Vendor ; IP Core Name ; Version ; Release Date ; License Type ; Entity Instance       ; IP Include File ;
+--------+--------------+---------+--------------+--------------+-----------------------+-----------------+
; Altera ; RAM: 1-PORT  ; 20.1    ; N/A          ; N/A          ; |lab3|MEM_lab3:inst7  ; MEM_lab3.v      ;
; Altera ; RAM: 1-PORT  ; 20.1    ; N/A          ; N/A          ; |lab3|MEM2_lab3:inst8 ; MEM2_lab3.v     ;
+--------+--------------+---------+--------------+--------------+-----------------------+-----------------+


+------------------------------------------------------+
; General Register Statistics                          ;
+----------------------------------------------+-------+
; Statistic                                    ; Value ;
+----------------------------------------------+-------+
; Total registers                              ; 88    ;
; Number of registers using Synchronous Clear  ; 38    ;
; Number of registers using Synchronous Load   ; 32    ;
; Number of registers using Asynchronous Clear ; 45    ;
; Number of registers using Asynchronous Load  ; 0     ;
; Number of registers using Clock Enable       ; 0     ;
; Number of registers using Preset             ; 0     ;
+----------------------------------------------+-------+


+--------------------------------------------------+
; Inverted Register Statistics                     ;
+----------------------------------------+---------+
; Inverted Register                      ; Fan out ;
+----------------------------------------+---------+
; divo:inst5|count[0]                    ; 3       ;
; Total number of inverted registers = 1 ;         ;
+----------------------------------------+---------+


+------------------------------------------------------------------------------------------------------+
; Source assignments for MEM_lab3:inst7|altsyncram:altsyncram_component|altsyncram_nho1:auto_generated ;
+---------------------------------+--------------------+------+----------------------------------------+
; Assignment                      ; Value              ; From ; To                                     ;
+---------------------------------+--------------------+------+----------------------------------------+
; OPTIMIZE_POWER_DURING_SYNTHESIS ; NORMAL_COMPILATION ; -    ; -                                      ;
+---------------------------------+--------------------+------+----------------------------------------+


+-------------------------------------------------------------------------------------------------------+
; Source assignments for MEM2_lab3:inst8|altsyncram:altsyncram_component|altsyncram_cgo1:auto_generated ;
+---------------------------------+--------------------+------+-----------------------------------------+
; Assignment                      ; Value              ; From ; To                                      ;
+---------------------------------+--------------------+------+-----------------------------------------+
; OPTIMIZE_POWER_DURING_SYNTHESIS ; NORMAL_COMPILATION ; -    ; -                                       ;
+---------------------------------+--------------------+------+-----------------------------------------+


+---------------------------------------------------------------------------------------------+
; Parameter Settings for User Entity Instance: MEM_lab3:inst7|altsyncram:altsyncram_component ;
+------------------------------------+----------------------+---------------------------------+
; Parameter Name                     ; Value                ; Type                            ;
+------------------------------------+----------------------+---------------------------------+
; BYTE_SIZE_BLOCK                    ; 8                    ; Untyped                         ;
; AUTO_CARRY_CHAINS                  ; ON                   ; AUTO_CARRY                      ;
; IGNORE_CARRY_BUFFERS               ; OFF                  ; IGNORE_CARRY                    ;
; AUTO_CASCADE_CHAINS                ; ON                   ; AUTO_CASCADE                    ;
; IGNORE_CASCADE_BUFFERS             ; OFF                  ; IGNORE_CASCADE                  ;
; WIDTH_BYTEENA                      ; 1                    ; Untyped                         ;
; OPERATION_MODE                     ; SINGLE_PORT          ; Untyped                         ;
; WIDTH_A                            ; 8                    ; Signed Integer                  ;
; WIDTHAD_A                          ; 8                    ; Signed Integer                  ;
; NUMWORDS_A                         ; 256                  ; Signed Integer                  ;
; OUTDATA_REG_A                      ; UNREGISTERED         ; Untyped                         ;
; ADDRESS_ACLR_A                     ; NONE                 ; Untyped                         ;
; OUTDATA_ACLR_A                     ; NONE                 ; Untyped                         ;
; WRCONTROL_ACLR_A                   ; NONE                 ; Untyped                         ;
; INDATA_ACLR_A                      ; NONE                 ; Untyped                         ;
; BYTEENA_ACLR_A                     ; NONE                 ; Untyped                         ;
; WIDTH_B                            ; 1                    ; Untyped                         ;
; WIDTHAD_B                          ; 1                    ; Untyped                         ;
; NUMWORDS_B                         ; 1                    ; Untyped                         ;
; INDATA_REG_B                       ; CLOCK1               ; Untyped                         ;
; WRCONTROL_WRADDRESS_REG_B          ; CLOCK1               ; Untyped                         ;
; RDCONTROL_REG_B                    ; CLOCK1               ; Untyped                         ;
; ADDRESS_REG_B                      ; CLOCK1               ; Untyped                         ;
; OUTDATA_REG_B                      ; UNREGISTERED         ; Untyped                         ;
; BYTEENA_REG_B                      ; CLOCK1               ; Untyped                         ;
; INDATA_ACLR_B                      ; NONE                 ; Untyped                         ;
; WRCONTROL_ACLR_B                   ; NONE                 ; Untyped                         ;
; ADDRESS_ACLR_B                     ; NONE                 ; Untyped                         ;
; OUTDATA_ACLR_B                     ; NONE                 ; Untyped                         ;
; RDCONTROL_ACLR_B                   ; NONE                 ; Untyped                         ;
; BYTEENA_ACLR_B                     ; NONE                 ; Untyped                         ;
; WIDTH_BYTEENA_A                    ; 1                    ; Signed Integer                  ;
; WIDTH_BYTEENA_B                    ; 1                    ; Untyped                         ;
; RAM_BLOCK_TYPE                     ; AUTO                 ; Untyped                         ;
; BYTE_SIZE                          ; 8                    ; Untyped                         ;
; READ_DURING_WRITE_MODE_MIXED_PORTS ; DONT_CARE            ; Untyped                         ;
; READ_DURING_WRITE_MODE_PORT_A      ; NEW_DATA_NO_NBE_READ ; Untyped                         ;
; READ_DURING_WRITE_MODE_PORT_B      ; NEW_DATA_NO_NBE_READ ; Untyped                         ;
; INIT_FILE                          ; ../song_A.mif        ; Untyped                         ;
; INIT_FILE_LAYOUT                   ; PORT_A               ; Untyped                         ;
; MAXIMUM_DEPTH                      ; 0                    ; Untyped                         ;
; CLOCK_ENABLE_INPUT_A               ; BYPASS               ; Untyped                         ;
; CLOCK_ENABLE_INPUT_B               ; NORMAL               ; Untyped                         ;
; CLOCK_ENABLE_OUTPUT_A              ; BYPASS               ; Untyped                         ;
; CLOCK_ENABLE_OUTPUT_B              ; NORMAL               ; Untyped                         ;
; CLOCK_ENABLE_CORE_A                ; USE_INPUT_CLKEN      ; Untyped                         ;
; CLOCK_ENABLE_CORE_B                ; USE_INPUT_CLKEN      ; Untyped                         ;
; ENABLE_ECC                         ; FALSE                ; Untyped                         ;
; ECC_PIPELINE_STAGE_ENABLED         ; FALSE                ; Untyped                         ;
; WIDTH_ECCSTATUS                    ; 3                    ; Untyped                         ;
; DEVICE_FAMILY                      ; Cyclone V            ; Untyped                         ;
; CBXI_PARAMETER                     ; altsyncram_nho1      ; Untyped                         ;
+------------------------------------+----------------------+---------------------------------+
Note: In order to hide this table in the UI and the text report file, please set the "Show Parameter Settings in Synthesis Report" option in "Analysis and Synthesis Settings -> More Settings" to "Off".


+----------------------------------------------------------------------------------------------+
; Parameter Settings for User Entity Instance: MEM2_lab3:inst8|altsyncram:altsyncram_component ;
+------------------------------------+----------------------+----------------------------------+
; Parameter Name                     ; Value                ; Type                             ;
+------------------------------------+----------------------+----------------------------------+
; BYTE_SIZE_BLOCK                    ; 8                    ; Untyped                          ;
; AUTO_CARRY_CHAINS                  ; ON                   ; AUTO_CARRY                       ;
; IGNORE_CARRY_BUFFERS               ; OFF                  ; IGNORE_CARRY                     ;
; AUTO_CASCADE_CHAINS                ; ON                   ; AUTO_CASCADE                     ;
; IGNORE_CASCADE_BUFFERS             ; OFF                  ; IGNORE_CASCADE                   ;
; WIDTH_BYTEENA                      ; 1                    ; Untyped                          ;
; OPERATION_MODE                     ; SINGLE_PORT          ; Untyped                          ;
; WIDTH_A                            ; 32                   ; Signed Integer                   ;
; WIDTHAD_A                          ; 5                    ; Signed Integer                   ;
; NUMWORDS_A                         ; 32                   ; Signed Integer                   ;
; OUTDATA_REG_A                      ; UNREGISTERED         ; Untyped                          ;
; ADDRESS_ACLR_A                     ; NONE                 ; Untyped                          ;
; OUTDATA_ACLR_A                     ; NONE                 ; Untyped                          ;
; WRCONTROL_ACLR_A                   ; NONE                 ; Untyped                          ;
; INDATA_ACLR_A                      ; NONE                 ; Untyped                          ;
; BYTEENA_ACLR_A                     ; NONE                 ; Untyped                          ;
; WIDTH_B                            ; 1                    ; Untyped                          ;
; WIDTHAD_B                          ; 1                    ; Untyped                          ;
; NUMWORDS_B                         ; 1                    ; Untyped                          ;
; INDATA_REG_B                       ; CLOCK1               ; Untyped                          ;
; WRCONTROL_WRADDRESS_REG_B          ; CLOCK1               ; Untyped                          ;
; RDCONTROL_REG_B                    ; CLOCK1               ; Untyped                          ;
; ADDRESS_REG_B                      ; CLOCK1               ; Untyped                          ;
; OUTDATA_REG_B                      ; UNREGISTERED         ; Untyped                          ;
; BYTEENA_REG_B                      ; CLOCK1               ; Untyped                          ;
; INDATA_ACLR_B                      ; NONE                 ; Untyped                          ;
; WRCONTROL_ACLR_B                   ; NONE                 ; Untyped                          ;
; ADDRESS_ACLR_B                     ; NONE                 ; Untyped                          ;
; OUTDATA_ACLR_B                     ; NONE                 ; Untyped                          ;
; RDCONTROL_ACLR_B                   ; NONE                 ; Untyped                          ;
; BYTEENA_ACLR_B                     ; NONE                 ; Untyped                          ;
; WIDTH_BYTEENA_A                    ; 1                    ; Signed Integer                   ;
; WIDTH_BYTEENA_B                    ; 1                    ; Untyped                          ;
; RAM_BLOCK_TYPE                     ; AUTO                 ; Untyped                          ;
; BYTE_SIZE                          ; 8                    ; Untyped                          ;
; READ_DURING_WRITE_MODE_MIXED_PORTS ; DONT_CARE            ; Untyped                          ;
; READ_DURING_WRITE_MODE_PORT_A      ; NEW_DATA_NO_NBE_READ ; Untyped                          ;
; READ_DURING_WRITE_MODE_PORT_B      ; NEW_DATA_NO_NBE_READ ; Untyped                          ;
; INIT_FILE                          ; ../sound1.mif        ; Untyped                          ;
; INIT_FILE_LAYOUT                   ; PORT_A               ; Untyped                          ;
; MAXIMUM_DEPTH                      ; 0                    ; Untyped                          ;
; CLOCK_ENABLE_INPUT_A               ; BYPASS               ; Untyped                          ;
; CLOCK_ENABLE_INPUT_B               ; NORMAL               ; Untyped                          ;
; CLOCK_ENABLE_OUTPUT_A              ; BYPASS               ; Untyped                          ;
; CLOCK_ENABLE_OUTPUT_B              ; NORMAL               ; Untyped                          ;
; CLOCK_ENABLE_CORE_A                ; USE_INPUT_CLKEN      ; Untyped                          ;
; CLOCK_ENABLE_CORE_B                ; USE_INPUT_CLKEN      ; Untyped                          ;
; ENABLE_ECC                         ; FALSE                ; Untyped                          ;
; ECC_PIPELINE_STAGE_ENABLED         ; FALSE                ; Untyped                          ;
; WIDTH_ECCSTATUS                    ; 3                    ; Untyped                          ;
; DEVICE_FAMILY                      ; Cyclone V            ; Untyped                          ;
; CBXI_PARAMETER                     ; altsyncram_cgo1      ; Untyped                          ;
+------------------------------------+----------------------+----------------------------------+
Note: In order to hide this table in the UI and the text report file, please set the "Show Parameter Settings in Synthesis Report" option in "Analysis and Synthesis Settings -> More Settings" to "Off".


+---------------------------------------------------------------------------------------------+
; altsyncram Parameter Settings by Entity Instance                                            ;
+-------------------------------------------+-------------------------------------------------+
; Name                                      ; Value                                           ;
+-------------------------------------------+-------------------------------------------------+
; Number of entity instances                ; 2                                               ;
; Entity Instance                           ; MEM_lab3:inst7|altsyncram:altsyncram_component  ;
;     -- OPERATION_MODE                     ; SINGLE_PORT                                     ;
;     -- WIDTH_A                            ; 8                                               ;
;     -- NUMWORDS_A                         ; 256                                             ;
;     -- OUTDATA_REG_A                      ; UNREGISTERED                                    ;
;     -- WIDTH_B                            ; 1                                               ;
;     -- NUMWORDS_B                         ; 1                                               ;
;     -- ADDRESS_REG_B                      ; CLOCK1                                          ;
;     -- OUTDATA_REG_B                      ; UNREGISTERED                                    ;
;     -- RAM_BLOCK_TYPE                     ; AUTO                                            ;
;     -- READ_DURING_WRITE_MODE_MIXED_PORTS ; DONT_CARE                                       ;
; Entity Instance                           ; MEM2_lab3:inst8|altsyncram:altsyncram_component ;
;     -- OPERATION_MODE                     ; SINGLE_PORT                                     ;
;     -- WIDTH_A                            ; 32                                              ;
;     -- NUMWORDS_A                         ; 32                                              ;
;     -- OUTDATA_REG_A                      ; UNREGISTERED                                    ;
;     -- WIDTH_B                            ; 1                                               ;
;     -- NUMWORDS_B                         ; 1                                               ;
;     -- ADDRESS_REG_B                      ; CLOCK1                                          ;
;     -- OUTDATA_REG_B                      ; UNREGISTERED                                    ;
;     -- RAM_BLOCK_TYPE                     ; AUTO                                            ;
;     -- READ_DURING_WRITE_MODE_MIXED_PORTS ; DONT_CARE                                       ;
+-------------------------------------------+-------------------------------------------------+


+-----------------------------------------------------+
; Post-Synthesis Netlist Statistics for Top Partition ;
+-----------------------+-----------------------------+
; Type                  ; Count                       ;
+-----------------------+-----------------------------+
; arriav_ff             ; 88                          ;
;     CLR               ; 7                           ;
;     CLR SCLR          ; 38                          ;
;     SLD               ; 32                          ;
;     plain             ; 11                          ;
; arriav_lcell_comb     ; 182                         ;
;     arith             ; 71                          ;
;         1 data inputs ; 71                          ;
;     normal            ; 111                         ;
;         0 data inputs ; 1                           ;
;         1 data inputs ; 1                           ;
;         2 data inputs ; 18                          ;
;         3 data inputs ; 6                           ;
;         4 data inputs ; 26                          ;
;         5 data inputs ; 8                           ;
;         6 data inputs ; 51                          ;
; boundary_port         ; 4                           ;
; stratixv_ram_block    ; 40                          ;
;                       ;                             ;
; Max LUT depth         ; 5.00                        ;
; Average LUT depth     ; 3.16                        ;
+-----------------------+-----------------------------+


+-------------------------------+
; Elapsed Time Per Partition    ;
+----------------+--------------+
; Partition Name ; Elapsed Time ;
+----------------+--------------+
; Top            ; 00:00:00     ;
+----------------+--------------+


+-------------------------------+
; Analysis & Synthesis Messages ;
+-------------------------------+
Info: *******************************************************************
Info: Running Quartus Prime Analysis & Synthesis
    Info: Version 20.1.1 Build 720 11/11/2020 SJ Lite Edition
    Info: Processing started: Thu Oct 23 11:14:07 2025
Info: Command: quartus_map --read_settings_files=on --write_settings_files=off lab3 -c lab3
Warning (18236): Number of processors has not been specified which may cause overloading on shared machines.  Set the global assignment NUM_PARALLEL_PROCESSORS in your QSF to an appropriate value for best performance.
Info (20030): Parallel compilation is enabled and will use 4 of the 4 processors detected
Info (12021): Found 1 design units, including 1 entities, in source file divb.v
    Info (12023): Found entity 1: divb File: C:/Users/USER/Downloads/ee_experiment_lab3-main/ee_experiment_lab3-main/divb.v Line: 1
Info (12021): Found 1 design units, including 1 entities, in source file outputre.v
    Info (12023): Found entity 1: outputre File: C:/Users/USER/Downloads/ee_experiment_lab3-main/ee_experiment_lab3-main/outputre.v Line: 1
Info (12021): Found 1 design units, including 1 entities, in source file decoder.v
    Info (12023): Found entity 1: decoder File: C:/Users/USER/Downloads/ee_experiment_lab3-main/ee_experiment_lab3-main/decoder.v Line: 1
Info (12021): Found 1 design units, including 1 entities, in source file mend.v
    Info (12023): Found entity 1: mend File: C:/Users/USER/Downloads/ee_experiment_lab3-main/ee_experiment_lab3-main/mend.v Line: 1
Info (12021): Found 1 design units, including 1 entities, in source file divo.v
    Info (12023): Found entity 1: divo File: C:/Users/USER/Downloads/ee_experiment_lab3-main/ee_experiment_lab3-main/divo.v Line: 1
Info (12021): Found 1 design units, including 1 entities, in source file ag.v
    Info (12023): Found entity 1: AG File: C:/Users/USER/Downloads/ee_experiment_lab3-main/ee_experiment_lab3-main/AG.v Line: 1
Info (12021): Found 1 design units, including 1 entities, in source file comp.v
    Info (12023): Found entity 1: comp File: C:/Users/USER/Downloads/ee_experiment_lab3-main/ee_experiment_lab3-main/comp.v Line: 1
Info (12021): Found 1 design units, including 1 entities, in source file counter.v
    Info (12023): Found entity 1: counter File: C:/Users/USER/Downloads/ee_experiment_lab3-main/ee_experiment_lab3-main/counter.v Line: 1
Info (12021): Found 1 design units, including 1 entities, in source file mclkand.v
    Info (12023): Found entity 1: mclkand File: C:/Users/USER/Downloads/ee_experiment_lab3-main/ee_experiment_lab3-main/mclkand.v Line: 1
Info (12021): Found 1 design units, including 1 entities, in source file lab3.bdf
    Info (12023): Found entity 1: lab3
Info (12021): Found 1 design units, including 1 entities, in source file mem_lab3.v
    Info (12023): Found entity 1: MEM_lab3 File: C:/Users/USER/Downloads/ee_experiment_lab3-main/ee_experiment_lab3-main/MEM_lab3.v Line: 40
Info (12021): Found 1 design units, including 1 entities, in source file mem2_lab3.v
    Info (12023): Found entity 1: MEM2_lab3 File: C:/Users/USER/Downloads/ee_experiment_lab3-main/ee_experiment_lab3-main/MEM2_lab3.v Line: 40
Info (12127): Elaborating entity "lab3" for the top level hierarchy
Warning (275011): Block or symbol "MEM_lab3" of instance "inst7" overlaps another block or symbol
Warning (275011): Block or symbol "GND" of instance "inst10" overlaps another block or symbol
Warning (275011): Block or symbol "GND" of instance "inst12" overlaps another block or symbol
Info (12128): Elaborating entity "divo" for hierarchy "divo:inst5"
Warning (10230): Verilog HDL assignment warning at divo.v(24): truncated value with size 32 to match size of target (1) File: C:/Users/USER/Downloads/ee_experiment_lab3-main/ee_experiment_lab3-main/divo.v Line: 24
Info (12128): Elaborating entity "outputre" for hierarchy "outputre:inst4"
Info (12128): Elaborating entity "comp" for hierarchy "comp:inst3"
Warning (10230): Verilog HDL assignment warning at comp.v(9): truncated value with size 32 to match size of target (1) File: C:/Users/USER/Downloads/ee_experiment_lab3-main/ee_experiment_lab3-main/comp.v Line: 9
Info (12128): Elaborating entity "decoder" for hierarchy "decoder:inst6"
Info (12128): Elaborating entity "MEM_lab3" for hierarchy "MEM_lab3:inst7"
Info (12128): Elaborating entity "altsyncram" for hierarchy "MEM_lab3:inst7|altsyncram:altsyncram_component" File: C:/Users/USER/Downloads/ee_experiment_lab3-main/ee_experiment_lab3-main/MEM_lab3.v Line: 86
Info (12130): Elaborated megafunction instantiation "MEM_lab3:inst7|altsyncram:altsyncram_component" File: C:/Users/USER/Downloads/ee_experiment_lab3-main/ee_experiment_lab3-main/MEM_lab3.v Line: 86
Info (12133): Instantiated megafunction "MEM_lab3:inst7|altsyncram:altsyncram_component" with the following parameter: File: C:/Users/USER/Downloads/ee_experiment_lab3-main/ee_experiment_lab3-main/MEM_lab3.v Line: 86
    Info (12134): Parameter "clock_enable_input_a" = "BYPASS"
    Info (12134): Parameter "clock_enable_output_a" = "BYPASS"
    Info (12134): Parameter "init_file" = "../song_A.mif"
    Info (12134): Parameter "intended_device_family" = "Cyclone V"
    Info (12134): Parameter "lpm_hint" = "ENABLE_RUNTIME_MOD=NO"
    Info (12134): Parameter "lpm_type" = "altsyncram"
    Info (12134): Parameter "numwords_a" = "256"
    Info (12134): Parameter "operation_mode" = "SINGLE_PORT"
    Info (12134): Parameter "outdata_aclr_a" = "NONE"
    Info (12134): Parameter "outdata_reg_a" = "UNREGISTERED"
    Info (12134): Parameter "power_up_uninitialized" = "FALSE"
    Info (12134): Parameter "read_during_write_mode_port_a" = "NEW_DATA_NO_NBE_READ"
    Info (12134): Parameter "widthad_a" = "8"
    Info (12134): Parameter "width_a" = "8"
    Info (12134): Parameter "width_byteena_a" = "1"
Info (12021): Found 1 design units, including 1 entities, in source file db/altsyncram_nho1.tdf
    Info (12023): Found entity 1: altsyncram_nho1 File: C:/Users/USER/Downloads/ee_experiment_lab3-main/ee_experiment_lab3-main/db/altsyncram_nho1.tdf Line: 28
Info (12128): Elaborating entity "altsyncram_nho1" for hierarchy "MEM_lab3:inst7|altsyncram:altsyncram_component|altsyncram_nho1:auto_generated" File: c:/intelfpga_lite/20.1/quartus/libraries/megafunctions/altsyncram.tdf Line: 792
Warning (113028): 2 out of 256 addresses are uninitialized. The Quartus Prime software will initialize them to "0". There are 2 warnings found, and 2 warnings are reported. File: C:/Users/USER/Downloads/ee_experiment_lab3-main/ee_experiment_lab3-main/song_A.mif Line: 1
    Warning (113026): Memory Initialization File Address 0 is not initialized File: C:/Users/USER/Downloads/ee_experiment_lab3-main/ee_experiment_lab3-main/song_A.mif Line: 1
    Warning (113026): Memory Initialization File Address 23 is not initialized File: C:/Users/USER/Downloads/ee_experiment_lab3-main/ee_experiment_lab3-main/song_A.mif Line: 1
Info (12128): Elaborating entity "AG" for hierarchy "AG:inst"
Warning (10230): Verilog HDL assignment warning at AG.v(13): truncated value with size 32 to match size of target (7) File: C:/Users/USER/Downloads/ee_experiment_lab3-main/ee_experiment_lab3-main/AG.v Line: 13
Info (12128): Elaborating entity "mclkand" for hierarchy "mclkand:inst15"
Info (12128): Elaborating entity "mend" for hierarchy "mend:inst11"
Info (12128): Elaborating entity "counter" for hierarchy "counter:inst2"
Warning (10230): Verilog HDL assignment warning at counter.v(12): truncated value with size 32 to match size of target (6) File: C:/Users/USER/Downloads/ee_experiment_lab3-main/ee_experiment_lab3-main/counter.v Line: 12
Info (12128): Elaborating entity "divb" for hierarchy "divb:inst1"
Warning (10230): Verilog HDL assignment warning at divb.v(22): truncated value with size 32 to match size of target (1) File: C:/Users/USER/Downloads/ee_experiment_lab3-main/ee_experiment_lab3-main/divb.v Line: 22
Info (12128): Elaborating entity "MEM2_lab3" for hierarchy "MEM2_lab3:inst8"
Info (12128): Elaborating entity "altsyncram" for hierarchy "MEM2_lab3:inst8|altsyncram:altsyncram_component" File: C:/Users/USER/Downloads/ee_experiment_lab3-main/ee_experiment_lab3-main/MEM2_lab3.v Line: 86
Info (12130): Elaborated megafunction instantiation "MEM2_lab3:inst8|altsyncram:altsyncram_component" File: C:/Users/USER/Downloads/ee_experiment_lab3-main/ee_experiment_lab3-main/MEM2_lab3.v Line: 86
Info (12133): Instantiated megafunction "MEM2_lab3:inst8|altsyncram:altsyncram_component" with the following parameter: File: C:/Users/USER/Downloads/ee_experiment_lab3-main/ee_experiment_lab3-main/MEM2_lab3.v Line: 86
    Info (12134): Parameter "clock_enable_input_a" = "BYPASS"
    Info (12134): Parameter "clock_enable_output_a" = "BYPASS"
    Info (12134): Parameter "init_file" = "../sound1.mif"
    Info (12134): Parameter "intended_device_family" = "Cyclone V"
    Info (12134): Parameter "lpm_hint" = "ENABLE_RUNTIME_MOD=NO"
    Info (12134): Parameter "lpm_type" = "altsyncram"
    Info (12134): Parameter "numwords_a" = "32"
    Info (12134): Parameter "operation_mode" = "SINGLE_PORT"
    Info (12134): Parameter "outdata_aclr_a" = "NONE"
    Info (12134): Parameter "outdata_reg_a" = "UNREGISTERED"
    Info (12134): Parameter "power_up_uninitialized" = "FALSE"
    Info (12134): Parameter "read_during_write_mode_port_a" = "NEW_DATA_NO_NBE_READ"
    Info (12134): Parameter "widthad_a" = "5"
    Info (12134): Parameter "width_a" = "32"
    Info (12134): Parameter "width_byteena_a" = "1"
Info (12021): Found 1 design units, including 1 entities, in source file db/altsyncram_cgo1.tdf
    Info (12023): Found entity 1: altsyncram_cgo1 File: C:/Users/USER/Downloads/ee_experiment_lab3-main/ee_experiment_lab3-main/db/altsyncram_cgo1.tdf Line: 28
Info (12128): Elaborating entity "altsyncram_cgo1" for hierarchy "MEM2_lab3:inst8|altsyncram:altsyncram_component|altsyncram_cgo1:auto_generated" File: c:/intelfpga_lite/20.1/quartus/libraries/megafunctions/altsyncram.tdf Line: 792
Info (286030): Timing-Driven Synthesis is running
Info (16010): Generating hard_block partition "hard_block:auto_generated_inst"
    Info (16011): Adding 0 node(s), including 0 DDIO, 0 PLL, 0 transceiver and 0 LCELL
Info (21057): Implemented 234 device resources after synthesis - the final resource count might be different
    Info (21058): Implemented 3 input pins
    Info (21059): Implemented 1 output pins
    Info (21061): Implemented 190 logic cells
    Info (21064): Implemented 40 RAM segments
Info: Quartus Prime Analysis & Synthesis was successful. 0 errors, 12 warnings
    Info: Peak virtual memory: 4842 megabytes
    Info: Processing ended: Thu Oct 23 11:14:17 2025
    Info: Elapsed time: 00:00:10
    Info: Total CPU time (on all processors): 00:00:18


