Timing Analyzer report for lab3
Thu Oct 23 11:15:15 2025
Quartus Prime Version 20.1.1 Build 720 11/11/2020 SJ Lite Edition


---------------------
; Table of Contents ;
---------------------
  1. Legal Notice
  2. Timing Analyzer Summary
  3. Parallel Compilation
  4. Clocks
  5. Slow 1100mV 85C Model Fmax Summary
  6. Timing Closure Recommendations
  7. Slow 1100mV 85C Model Setup Summary
  8. Slow 1100mV 85C Model Hold Summary
  9. Slow 1100mV 85C Model Recovery Summary
 10. Slow 1100mV 85C Model Removal Summary
 11. Slow 1100mV 85C Model Minimum Pulse Width Summary
 12. Slow 1100mV 85C Model Metastability Summary
 13. Slow 1100mV 0C Model Fmax Summary
 14. Slow 1100mV 0C Model Setup Summary
 15. Slow 1100mV 0C Model Hold Summary
 16. Slow 1100mV 0C Model Recovery Summary
 17. Slow 1100mV 0C Model Removal Summary
 18. Slow 1100mV 0C Model Minimum Pulse Width Summary
 19. Slow 1100mV 0C Model Metastability Summary
 20. Fast 1100mV 85C Model Setup Summary
 21. Fast 1100mV 85C Model Hold Summary
 22. Fast 1100mV 85C Model Recovery Summary
 23. Fast 1100mV 85C Model Removal Summary
 24. Fast 1100mV 85C Model Minimum Pulse Width Summary
 25. Fast 1100mV 85C Model Metastability Summary
 26. Fast 1100mV 0C Model Setup Summary
 27. Fast 1100mV 0C Model Hold Summary
 28. Fast 1100mV 0C Model Recovery Summary
 29. Fast 1100mV 0C Model Removal Summary
 30. Fast 1100mV 0C Model Minimum Pulse Width Summary
 31. Fast 1100mV 0C Model Metastability Summary
 32. Multicorner Timing Analysis Summary
 33. Board Trace Model Assignments
 34. Input Transition Times
 35. Signal Integrity Metrics (Slow 1100mv 0c Model)
 36. Signal Integrity Metrics (Slow 1100mv 85c Model)
 37. Signal Integrity Metrics (Fast 1100mv 0c Model)
 38. Signal Integrity Metrics (Fast 1100mv 85c Model)
 39. Setup Transfers
 40. Hold Transfers
 41. Recovery Transfers
 42. Removal Transfers
 43. Report TCCS
 44. Report RSKM
 45. Unconstrained Paths Summary
 46. Clock Status Summary
 47. Unconstrained Input Ports
 48. Unconstrained Output Ports
 49. Unconstrained Input Ports
 50. Unconstrained Output Ports
 51. Timing Analyzer Messages



----------------
; Legal Notice ;
----------------
Copyright (C) 2020  Intel Corporation. All rights reserved.
Your use of Intel Corporation's design tools, logic functions 
and other software and tools, and any partner logic 
functions, and any output files from any of the foregoing 
(including device programming or simulation files), and any 
associated documentation or information are expressly subject 
to the terms and conditions of the Intel Program License 
Subscription Agreement, the Intel Quartus Prime License Agreement,
the Intel FPGA IP License Agreement, or other applicable license
agreement, including, without limitation, that your use is for
the sole purpose of programming logic devices manufactured by
Intel and sold by Intel or its authorized distributors.  Please
refer to the applicable agreement for further details, at
https://fpgasoftware.intel.com/eula.



+-----------------------------------------------------------------------------+
; Timing Analyzer Summary                                                     ;
+-----------------------+-----------------------------------------------------+
; Quartus Prime Version ; Version 20.1.1 Build 720 11/11/2020 SJ Lite Edition ;
; Timing Analyzer       ; Legacy Timing Analyzer                              ;
; Revision Name         ; lab3                                                ;
; Device Family         ; Cyclone V                                           ;
; Device Name           ; 5CSEMA5F31C6                                        ;
; Timing Models         ; Final                                               ;
; Delay Model           ; Combined                                            ;
; Rise/Fall Delays      ; Enabled                                             ;
+-----------------------+-----------------------------------------------------+


+------------------------------------------+
; Parallel Compilation                     ;
+----------------------------+-------------+
; Processors                 ; Number      ;
+----------------------------+-------------+
; Number detected on machine ; 4           ;
; Maximum allowed            ; 4           ;
;                            ;             ;
; Average used               ; 1.14        ;
; Maximum used               ; 4           ;
;                            ;             ;
; Usage by Processor         ; % Time Used ;
;     Processor 1            ; 100.0%      ;
;     Processor 2            ;   4.7%      ;
;     Processor 3            ;   4.6%      ;
;     Processor 4            ;   4.4%      ;
+----------------------------+-------------+


+----------------------------------------------------------------------------------------------------------------------------------------------------------------------------------------------------------------------------------------------------------------------------------------------------------------------------------------------------------------------------------+
; Clocks                                                                                                                                                                                                                                                                                                                                                                           ;
+---------------------------------------------------------------------------------------------------------+------+--------+------------+-------+-------+------------+-----------+-------------+-------+--------+-----------+------------+----------+--------+--------+-------------------------------------------------------------------------------------------------------------+
; Clock Name                                                                                              ; Type ; Period ; Frequency  ; Rise  ; Fall  ; Duty Cycle ; Divide by ; Multiply by ; Phase ; Offset ; Edge List ; Edge Shift ; Inverted ; Master ; Source ; Targets                                                                                                     ;
+---------------------------------------------------------------------------------------------------------+------+--------+------------+-------+-------+------------+-----------+-------------+-------+--------+-----------+------------+----------+--------+--------+-------------------------------------------------------------------------------------------------------------+
; Clk                                                                                                     ; Base ; 1.000  ; 1000.0 MHz ; 0.000 ; 0.500 ;            ;           ;             ;       ;        ;           ;            ;          ;        ;        ; { Clk }                                                                                                     ;
; divb:inst1|clkout                                                                                       ; Base ; 1.000  ; 1000.0 MHz ; 0.000 ; 0.500 ;            ;           ;             ;       ;        ;           ;            ;          ;        ;        ; { divb:inst1|clkout }                                                                                       ;
; MEM_lab3:inst7|altsyncram:altsyncram_component|altsyncram_nho1:auto_generated|ram_block1a0~porta_we_reg ; Base ; 1.000  ; 1000.0 MHz ; 0.000 ; 0.500 ;            ;           ;             ;       ;        ;           ;            ;          ;        ;        ; { MEM_lab3:inst7|altsyncram:altsyncram_component|altsyncram_nho1:auto_generated|ram_block1a0~porta_we_reg } ;
+---------------------------------------------------------------------------------------------------------+------+--------+------------+-------+-------+------------+-----------+-------------+-------+--------+-----------+------------+----------+--------+--------+-------------------------------------------------------------------------------------------------------------+


+-----------------------------------------------------------------------------------------------------------------------------------------------+
; Slow 1100mV 85C Model Fmax Summary                                                                                                            ;
+------------+-----------------+---------------------------------------------------------------------------------------------------------+------+
; Fmax       ; Restricted Fmax ; Clock Name                                                                                              ; Note ;
+------------+-----------------+---------------------------------------------------------------------------------------------------------+------+
; 92.51 MHz  ; 92.51 MHz       ; Clk                                                                                                     ;      ;
; 160.82 MHz ; 160.82 MHz      ; MEM_lab3:inst7|altsyncram:altsyncram_component|altsyncram_nho1:auto_generated|ram_block1a0~porta_we_reg ;      ;
; 437.25 MHz ; 437.25 MHz      ; divb:inst1|clkout                                                                                       ;      ;
+------------+-----------------+---------------------------------------------------------------------------------------------------------+------+
This panel reports FMAX for every clock in the design, regardless of the user-specified clock periods.  FMAX is only computed for paths where the source and destination registers or ports are driven by the same clock.  Paths of different clocks, including generated clocks, are ignored.  For paths between a clock and its inversion, FMAX is computed as if the rising and falling edges are scaled along with FMAX, such that the duty cycle (in terms of a percentage) is maintained. Altera recommends that you always use clock constraints and other slack reports for sign-off analysis.


----------------------------------
; Timing Closure Recommendations ;
----------------------------------
HTML report is unavailable in plain text report export.


+----------------------------------------------------------------------------------------------------------------------------------+
; Slow 1100mV 85C Model Setup Summary                                                                                              ;
+---------------------------------------------------------------------------------------------------------+--------+---------------+
; Clock                                                                                                   ; Slack  ; End Point TNS ;
+---------------------------------------------------------------------------------------------------------+--------+---------------+
; Clk                                                                                                     ; -6.480 ; -432.492      ;
; MEM_lab3:inst7|altsyncram:altsyncram_component|altsyncram_nho1:auto_generated|ram_block1a0~porta_we_reg ; -3.398 ; -51.403       ;
; divb:inst1|clkout                                                                                       ; -1.287 ; -12.379       ;
+---------------------------------------------------------------------------------------------------------+--------+---------------+


+----------------------------------------------------------------------------------------------------------------------------------+
; Slow 1100mV 85C Model Hold Summary                                                                                               ;
+---------------------------------------------------------------------------------------------------------+--------+---------------+
; Clock                                                                                                   ; Slack  ; End Point TNS ;
+---------------------------------------------------------------------------------------------------------+--------+---------------+
; Clk                                                                                                     ; -3.406 ; -43.357       ;
; MEM_lab3:inst7|altsyncram:altsyncram_component|altsyncram_nho1:auto_generated|ram_block1a0~porta_we_reg ; -0.967 ; -5.656        ;
; divb:inst1|clkout                                                                                       ; 0.787  ; 0.000         ;
+---------------------------------------------------------------------------------------------------------+--------+---------------+


+--------------------------------------------+
; Slow 1100mV 85C Model Recovery Summary     ;
+-------------------+--------+---------------+
; Clock             ; Slack  ; End Point TNS ;
+-------------------+--------+---------------+
; divb:inst1|clkout ; -2.797 ; -27.941       ;
; Clk               ; -2.477 ; -102.466      ;
+-------------------+--------+---------------+


+--------------------------------------------+
; Slow 1100mV 85C Model Removal Summary      ;
+-------------------+--------+---------------+
; Clock             ; Slack  ; End Point TNS ;
+-------------------+--------+---------------+
; Clk               ; -2.179 ; -88.763       ;
; divb:inst1|clkout ; 2.126  ; 0.000         ;
+-------------------+--------+---------------+


+----------------------------------------------------------------------------------------------------------------------------------+
; Slow 1100mV 85C Model Minimum Pulse Width Summary                                                                                ;
+---------------------------------------------------------------------------------------------------------+--------+---------------+
; Clock                                                                                                   ; Slack  ; End Point TNS ;
+---------------------------------------------------------------------------------------------------------+--------+---------------+
; Clk                                                                                                     ; -2.174 ; -246.025      ;
; MEM_lab3:inst7|altsyncram:altsyncram_component|altsyncram_nho1:auto_generated|ram_block1a0~porta_we_reg ; -1.701 ; -104.676      ;
; divb:inst1|clkout                                                                                       ; -0.394 ; -6.827        ;
+---------------------------------------------------------------------------------------------------------+--------+---------------+


-----------------------------------------------
; Slow 1100mV 85C Model Metastability Summary ;
-----------------------------------------------
No synchronizer chains to report.


+-----------------------------------------------------------------------------------------------------------------------------------------------+
; Slow 1100mV 0C Model Fmax Summary                                                                                                             ;
+------------+-----------------+---------------------------------------------------------------------------------------------------------+------+
; Fmax       ; Restricted Fmax ; Clock Name                                                                                              ; Note ;
+------------+-----------------+---------------------------------------------------------------------------------------------------------+------+
; 90.84 MHz  ; 90.84 MHz       ; Clk                                                                                                     ;      ;
; 158.33 MHz ; 158.33 MHz      ; MEM_lab3:inst7|altsyncram:altsyncram_component|altsyncram_nho1:auto_generated|ram_block1a0~porta_we_reg ;      ;
; 432.53 MHz ; 432.53 MHz      ; divb:inst1|clkout                                                                                       ;      ;
+------------+-----------------+---------------------------------------------------------------------------------------------------------+------+
This panel reports FMAX for every clock in the design, regardless of the user-specified clock periods.  FMAX is only computed for paths where the source and destination registers or ports are driven by the same clock.  Paths of different clocks, including generated clocks, are ignored.  For paths between a clock and its inversion, FMAX is computed as if the rising and falling edges are scaled along with FMAX, such that the duty cycle (in terms of a percentage) is maintained. Altera recommends that you always use clock constraints and other slack reports for sign-off analysis.


+----------------------------------------------------------------------------------------------------------------------------------+
; Slow 1100mV 0C Model Setup Summary                                                                                               ;
+---------------------------------------------------------------------------------------------------------+--------+---------------+
; Clock                                                                                                   ; Slack  ; End Point TNS ;
+---------------------------------------------------------------------------------------------------------+--------+---------------+
; Clk                                                                                                     ; -6.462 ; -425.322      ;
; MEM_lab3:inst7|altsyncram:altsyncram_component|altsyncram_nho1:auto_generated|ram_block1a0~porta_we_reg ; -3.371 ; -51.481       ;
; divb:inst1|clkout                                                                                       ; -1.312 ; -12.727       ;
+---------------------------------------------------------------------------------------------------------+--------+---------------+


+----------------------------------------------------------------------------------------------------------------------------------+
; Slow 1100mV 0C Model Hold Summary                                                                                                ;
+---------------------------------------------------------------------------------------------------------+--------+---------------+
; Clock                                                                                                   ; Slack  ; End Point TNS ;
+---------------------------------------------------------------------------------------------------------+--------+---------------+
; Clk                                                                                                     ; -3.541 ; -47.467       ;
; MEM_lab3:inst7|altsyncram:altsyncram_component|altsyncram_nho1:auto_generated|ram_block1a0~porta_we_reg ; -0.948 ; -5.411        ;
; divb:inst1|clkout                                                                                       ; 0.733  ; 0.000         ;
+---------------------------------------------------------------------------------------------------------+--------+---------------+


+--------------------------------------------+
; Slow 1100mV 0C Model Recovery Summary      ;
+-------------------+--------+---------------+
; Clock             ; Slack  ; End Point TNS ;
+-------------------+--------+---------------+
; divb:inst1|clkout ; -2.920 ; -29.174       ;
; Clk               ; -2.366 ; -98.731       ;
+-------------------+--------+---------------+


+--------------------------------------------+
; Slow 1100mV 0C Model Removal Summary       ;
+-------------------+--------+---------------+
; Clock             ; Slack  ; End Point TNS ;
+-------------------+--------+---------------+
; Clk               ; -2.306 ; -95.239       ;
; divb:inst1|clkout ; 2.275  ; 0.000         ;
+-------------------+--------+---------------+


+----------------------------------------------------------------------------------------------------------------------------------+
; Slow 1100mV 0C Model Minimum Pulse Width Summary                                                                                 ;
+---------------------------------------------------------------------------------------------------------+--------+---------------+
; Clock                                                                                                   ; Slack  ; End Point TNS ;
+---------------------------------------------------------------------------------------------------------+--------+---------------+
; Clk                                                                                                     ; -2.174 ; -249.581      ;
; MEM_lab3:inst7|altsyncram:altsyncram_component|altsyncram_nho1:auto_generated|ram_block1a0~porta_we_reg ; -1.835 ; -107.190      ;
; divb:inst1|clkout                                                                                       ; -0.394 ; -6.885        ;
+---------------------------------------------------------------------------------------------------------+--------+---------------+


----------------------------------------------
; Slow 1100mV 0C Model Metastability Summary ;
----------------------------------------------
No synchronizer chains to report.


+----------------------------------------------------------------------------------------------------------------------------------+
; Fast 1100mV 85C Model Setup Summary                                                                                              ;
+---------------------------------------------------------------------------------------------------------+--------+---------------+
; Clock                                                                                                   ; Slack  ; End Point TNS ;
+---------------------------------------------------------------------------------------------------------+--------+---------------+
; Clk                                                                                                     ; -3.564 ; -230.026      ;
; MEM_lab3:inst7|altsyncram:altsyncram_component|altsyncram_nho1:auto_generated|ram_block1a0~porta_we_reg ; -1.585 ; -25.366       ;
; divb:inst1|clkout                                                                                       ; -0.461 ; -4.235        ;
+---------------------------------------------------------------------------------------------------------+--------+---------------+


+----------------------------------------------------------------------------------------------------------------------------------+
; Fast 1100mV 85C Model Hold Summary                                                                                               ;
+---------------------------------------------------------------------------------------------------------+--------+---------------+
; Clock                                                                                                   ; Slack  ; End Point TNS ;
+---------------------------------------------------------------------------------------------------------+--------+---------------+
; Clk                                                                                                     ; -1.987 ; -25.099       ;
; MEM_lab3:inst7|altsyncram:altsyncram_component|altsyncram_nho1:auto_generated|ram_block1a0~porta_we_reg ; -0.375 ; -1.851        ;
; divb:inst1|clkout                                                                                       ; 0.396  ; 0.000         ;
+---------------------------------------------------------------------------------------------------------+--------+---------------+


+--------------------------------------------+
; Fast 1100mV 85C Model Recovery Summary     ;
+-------------------+--------+---------------+
; Clock             ; Slack  ; End Point TNS ;
+-------------------+--------+---------------+
; Clk               ; -1.240 ; -49.242       ;
; divb:inst1|clkout ; -1.213 ; -12.119       ;
+-------------------+--------+---------------+


+--------------------------------------------+
; Fast 1100mV 85C Model Removal Summary      ;
+-------------------+--------+---------------+
; Clock             ; Slack  ; End Point TNS ;
+-------------------+--------+---------------+
; Clk               ; -1.306 ; -52.227       ;
; divb:inst1|clkout ; 0.965  ; 0.000         ;
+-------------------+--------+---------------+


+----------------------------------------------------------------------------------------------------------------------------------+
; Fast 1100mV 85C Model Minimum Pulse Width Summary                                                                                ;
+---------------------------------------------------------------------------------------------------------+--------+---------------+
; Clock                                                                                                   ; Slack  ; End Point TNS ;
+---------------------------------------------------------------------------------------------------------+--------+---------------+
; Clk                                                                                                     ; -2.174 ; -205.946      ;
; MEM_lab3:inst7|altsyncram:altsyncram_component|altsyncram_nho1:auto_generated|ram_block1a0~porta_we_reg ; -0.815 ; -36.180       ;
; divb:inst1|clkout                                                                                       ; -0.049 ; -0.483        ;
+---------------------------------------------------------------------------------------------------------+--------+---------------+


-----------------------------------------------
; Fast 1100mV 85C Model Metastability Summary ;
-----------------------------------------------
No synchronizer chains to report.


+----------------------------------------------------------------------------------------------------------------------------------+
; Fast 1100mV 0C Model Setup Summary                                                                                               ;
+---------------------------------------------------------------------------------------------------------+--------+---------------+
; Clock                                                                                                   ; Slack  ; End Point TNS ;
+---------------------------------------------------------------------------------------------------------+--------+---------------+
; Clk                                                                                                     ; -3.262 ; -203.626      ;
; MEM_lab3:inst7|altsyncram:altsyncram_component|altsyncram_nho1:auto_generated|ram_block1a0~porta_we_reg ; -1.447 ; -23.330       ;
; divb:inst1|clkout                                                                                       ; -0.398 ; -3.688        ;
+---------------------------------------------------------------------------------------------------------+--------+---------------+


+----------------------------------------------------------------------------------------------------------------------------------+
; Fast 1100mV 0C Model Hold Summary                                                                                                ;
+---------------------------------------------------------------------------------------------------------+--------+---------------+
; Clock                                                                                                   ; Slack  ; End Point TNS ;
+---------------------------------------------------------------------------------------------------------+--------+---------------+
; Clk                                                                                                     ; -1.996 ; -26.955       ;
; MEM_lab3:inst7|altsyncram:altsyncram_component|altsyncram_nho1:auto_generated|ram_block1a0~porta_we_reg ; -0.378 ; -1.917        ;
; divb:inst1|clkout                                                                                       ; 0.363  ; 0.000         ;
+---------------------------------------------------------------------------------------------------------+--------+---------------+


+--------------------------------------------+
; Fast 1100mV 0C Model Recovery Summary      ;
+-------------------+--------+---------------+
; Clock             ; Slack  ; End Point TNS ;
+-------------------+--------+---------------+
; divb:inst1|clkout ; -1.220 ; -12.189       ;
; Clk               ; -1.025 ; -40.764       ;
+-------------------+--------+---------------+


+--------------------------------------------+
; Fast 1100mV 0C Model Removal Summary       ;
+-------------------+--------+---------------+
; Clock             ; Slack  ; End Point TNS ;
+-------------------+--------+---------------+
; Clk               ; -1.365 ; -55.268       ;
; divb:inst1|clkout ; 0.990  ; 0.000         ;
+-------------------+--------+---------------+


+----------------------------------------------------------------------------------------------------------------------------------+
; Fast 1100mV 0C Model Minimum Pulse Width Summary                                                                                 ;
+---------------------------------------------------------------------------------------------------------+--------+---------------+
; Clock                                                                                                   ; Slack  ; End Point TNS ;
+---------------------------------------------------------------------------------------------------------+--------+---------------+
; Clk                                                                                                     ; -2.174 ; -205.889      ;
; MEM_lab3:inst7|altsyncram:altsyncram_component|altsyncram_nho1:auto_generated|ram_block1a0~porta_we_reg ; -0.751 ; -33.878       ;
; divb:inst1|clkout                                                                                       ; -0.011 ; -0.105        ;
+---------------------------------------------------------------------------------------------------------+--------+---------------+


----------------------------------------------
; Fast 1100mV 0C Model Metastability Summary ;
----------------------------------------------
No synchronizer chains to report.


+--------------------------------------------------------------------------------------------------------------------------------------------------------------------------+
; Multicorner Timing Analysis Summary                                                                                                                                      ;
+----------------------------------------------------------------------------------------------------------+----------+---------+----------+---------+---------------------+
; Clock                                                                                                    ; Setup    ; Hold    ; Recovery ; Removal ; Minimum Pulse Width ;
+----------------------------------------------------------------------------------------------------------+----------+---------+----------+---------+---------------------+
; Worst-case Slack                                                                                         ; -6.480   ; -3.541  ; -2.920   ; -2.306  ; -2.174              ;
;  Clk                                                                                                     ; -6.480   ; -3.541  ; -2.477   ; -2.306  ; -2.174              ;
;  MEM_lab3:inst7|altsyncram:altsyncram_component|altsyncram_nho1:auto_generated|ram_block1a0~porta_we_reg ; -3.398   ; -0.967  ; N/A      ; N/A     ; -1.835              ;
;  divb:inst1|clkout                                                                                       ; -1.312   ; 0.363   ; -2.920   ; 0.965   ; -0.394              ;
; Design-wide TNS                                                                                          ; -496.274 ; -52.878 ; -130.407 ; -95.239 ; -363.656            ;
;  Clk                                                                                                     ; -432.492 ; -47.467 ; -102.466 ; -95.239 ; -249.581            ;
;  MEM_lab3:inst7|altsyncram:altsyncram_component|altsyncram_nho1:auto_generated|ram_block1a0~porta_we_reg ; -51.481  ; -5.656  ; N/A      ; N/A     ; -107.190            ;
;  divb:inst1|clkout                                                                                       ; -12.727  ; 0.000   ; -29.174  ; 0.000   ; -6.885              ;
+----------------------------------------------------------------------------------------------------------+----------+---------+----------+---------+---------------------+


+-----------------------------------------------------------------------------------------------------------------------------------------------------------------------------------------------------------------------------------------------------------------------------------------------------------------------------------------------------------------------------------------------------------+
; Board Trace Model Assignments                                                                                                                                                                                                                                                                                                                                                                             ;
+--------+--------------+-------------------+-------------------------+-------------------------+---------------+---------------------+----------------+------------------+--------+------------------+------------------------+------------------------+--------------+---------------+-----------------+-------+---------------------+--------------------+---------------+-----------------+-------------+
; Pin    ; I/O Standard ; Near Tline Length ; Near Tline L per Length ; Near Tline C per Length ; Near Series R ; Near Differential R ; Near Pull-up R ; Near Pull-down R ; Near C ; Far Tline Length ; Far Tline L per Length ; Far Tline C per Length ; Far Series R ; Far Pull-up R ; Far Pull-down R ; Far C ; Termination Voltage ; Far Differential R ; EBD File Name ; EBD Signal Name ; EBD Far-end ;
+--------+--------------+-------------------+-------------------------+-------------------------+---------------+---------------------+----------------+------------------+--------+------------------+------------------------+------------------------+--------------+---------------+-----------------+-------+---------------------+--------------------+---------------+-----------------+-------------+
; output ; 2.5 V        ; 0 in              ; 0 H/in                  ; 0 F/in                  ; short         ; -                   ; open           ; open             ; open   ; 0 in             ; 0 H/in                 ; 0 F/in                 ; short        ; open          ; open            ; open  ; 0 V                 ; -                  ; n/a           ; n/a             ; n/a         ;
+--------+--------------+-------------------+-------------------------+-------------------------+---------------+---------------------+----------------+------------------+--------+------------------+------------------------+------------------------+--------------+---------------+-----------------+-------+---------------------+--------------------+---------------+-----------------+-------------+


+----------------------------------------------------------+
; Input Transition Times                                   ;
+-------+--------------+-----------------+-----------------+
; Pin   ; I/O Standard ; 10-90 Rise Time ; 90-10 Fall Time ;
+-------+--------------+-----------------+-----------------+
; Clk   ; 2.5 V        ; 2000 ps         ; 2000 ps         ;
; reset ; 2.5 V        ; 2000 ps         ; 2000 ps         ;
; sel   ; 2.5 V        ; 2000 ps         ; 2000 ps         ;
+-------+--------------+-----------------+-----------------+


+-------------------------------------------------------------------------------------------------------------------------------------------------------------------------------------------------------------------------------------------------------------------------------------------------------------------------------------------------------------------------------------------------------------------------------------------------------------------------------------------------------------------------------------------------------------------------------------------------------------------------------------------------------------------------------------+
; Signal Integrity Metrics (Slow 1100mv 0c Model)                                                                                                                                                                                                                                                                                                                                                                                                                                                                                                                                                                                                                                     ;
+--------+--------------+---------------------+---------------------+------------------------------+------------------------------+---------------------+---------------------+--------------------------------------+--------------------------------------+-----------------------------+-----------------------------+----------------------------+----------------------------+-----------------------------+-----------------------------+--------------------+--------------------+-------------------------------------+-------------------------------------+----------------------------+----------------------------+---------------------------+---------------------------+
; Pin    ; I/O Standard ; Board Delay on Rise ; Board Delay on Fall ; Steady State Voh at FPGA Pin ; Steady State Vol at FPGA Pin ; Voh Max at FPGA Pin ; Vol Min at FPGA Pin ; Ringback Voltage on Rise at FPGA Pin ; Ringback Voltage on Fall at FPGA Pin ; 10-90 Rise Time at FPGA Pin ; 90-10 Fall Time at FPGA Pin ; Monotonic Rise at FPGA Pin ; Monotonic Fall at FPGA Pin ; Steady State Voh at Far-end ; Steady State Vol at Far-end ; Voh Max at Far-end ; Vol Min at Far-end ; Ringback Voltage on Rise at Far-end ; Ringback Voltage on Fall at Far-end ; 10-90 Rise Time at Far-end ; 90-10 Fall Time at Far-end ; Monotonic Rise at Far-end ; Monotonic Fall at Far-end ;
+--------+--------------+---------------------+---------------------+------------------------------+------------------------------+---------------------+---------------------+--------------------------------------+--------------------------------------+-----------------------------+-----------------------------+----------------------------+----------------------------+-----------------------------+-----------------------------+--------------------+--------------------+-------------------------------------+-------------------------------------+----------------------------+----------------------------+---------------------------+---------------------------+
; output ; 2.5 V        ; 0 s                 ; 0 s                 ; 2.32 V                       ; 3.6e-07 V                    ; 2.41 V              ; -0.0463 V           ; 0.201 V                              ; 0.131 V                              ; 4.61e-10 s                  ; 4.53e-10 s                  ; No                         ; Yes                        ; 2.32 V                      ; 3.6e-07 V                   ; 2.41 V             ; -0.0463 V          ; 0.201 V                             ; 0.131 V                             ; 4.61e-10 s                 ; 4.53e-10 s                 ; No                        ; Yes                       ;
+--------+--------------+---------------------+---------------------+------------------------------+------------------------------+---------------------+---------------------+--------------------------------------+--------------------------------------+-----------------------------+-----------------------------+----------------------------+----------------------------+-----------------------------+-----------------------------+--------------------+--------------------+-------------------------------------+-------------------------------------+----------------------------+----------------------------+---------------------------+---------------------------+


+-------------------------------------------------------------------------------------------------------------------------------------------------------------------------------------------------------------------------------------------------------------------------------------------------------------------------------------------------------------------------------------------------------------------------------------------------------------------------------------------------------------------------------------------------------------------------------------------------------------------------------------------------------------------------------------+
; Signal Integrity Metrics (Slow 1100mv 85c Model)                                                                                                                                                                                                                                                                                                                                                                                                                                                                                                                                                                                                                                    ;
+--------+--------------+---------------------+---------------------+------------------------------+------------------------------+---------------------+---------------------+--------------------------------------+--------------------------------------+-----------------------------+-----------------------------+----------------------------+----------------------------+-----------------------------+-----------------------------+--------------------+--------------------+-------------------------------------+-------------------------------------+----------------------------+----------------------------+---------------------------+---------------------------+
; Pin    ; I/O Standard ; Board Delay on Rise ; Board Delay on Fall ; Steady State Voh at FPGA Pin ; Steady State Vol at FPGA Pin ; Voh Max at FPGA Pin ; Vol Min at FPGA Pin ; Ringback Voltage on Rise at FPGA Pin ; Ringback Voltage on Fall at FPGA Pin ; 10-90 Rise Time at FPGA Pin ; 90-10 Fall Time at FPGA Pin ; Monotonic Rise at FPGA Pin ; Monotonic Fall at FPGA Pin ; Steady State Voh at Far-end ; Steady State Vol at Far-end ; Voh Max at Far-end ; Vol Min at Far-end ; Ringback Voltage on Rise at Far-end ; Ringback Voltage on Fall at Far-end ; 10-90 Rise Time at Far-end ; 90-10 Fall Time at Far-end ; Monotonic Rise at Far-end ; Monotonic Fall at Far-end ;
+--------+--------------+---------------------+---------------------+------------------------------+------------------------------+---------------------+---------------------+--------------------------------------+--------------------------------------+-----------------------------+-----------------------------+----------------------------+----------------------------+-----------------------------+-----------------------------+--------------------+--------------------+-------------------------------------+-------------------------------------+----------------------------+----------------------------+---------------------------+---------------------------+
; output ; 2.5 V        ; 0 s                 ; 0 s                 ; 2.32 V                       ; 3.96e-05 V                   ; 2.38 V              ; -0.0306 V           ; 0.23 V                               ; 0.206 V                              ; 4.83e-10 s                  ; 5.01e-10 s                  ; No                         ; Yes                        ; 2.32 V                      ; 3.96e-05 V                  ; 2.38 V             ; -0.0306 V          ; 0.23 V                              ; 0.206 V                             ; 4.83e-10 s                 ; 5.01e-10 s                 ; No                        ; Yes                       ;
+--------+--------------+---------------------+---------------------+------------------------------+------------------------------+---------------------+---------------------+--------------------------------------+--------------------------------------+-----------------------------+-----------------------------+----------------------------+----------------------------+-----------------------------+-----------------------------+--------------------+--------------------+-------------------------------------+-------------------------------------+----------------------------+----------------------------+---------------------------+---------------------------+


+-------------------------------------------------------------------------------------------------------------------------------------------------------------------------------------------------------------------------------------------------------------------------------------------------------------------------------------------------------------------------------------------------------------------------------------------------------------------------------------------------------------------------------------------------------------------------------------------------------------------------------------------------------------------------------------+
; Signal Integrity Metrics (Fast 1100mv 0c Model)                                                                                                                                                                                                                                                                                                                                                                                                                                                                                                                                                                                                                                     ;
+--------+--------------+---------------------+---------------------+------------------------------+------------------------------+---------------------+---------------------+--------------------------------------+--------------------------------------+-----------------------------+-----------------------------+----------------------------+----------------------------+-----------------------------+-----------------------------+--------------------+--------------------+-------------------------------------+-------------------------------------+----------------------------+----------------------------+---------------------------+---------------------------+
; Pin    ; I/O Standard ; Board Delay on Rise ; Board Delay on Fall ; Steady State Voh at FPGA Pin ; Steady State Vol at FPGA Pin ; Voh Max at FPGA Pin ; Vol Min at FPGA Pin ; Ringback Voltage on Rise at FPGA Pin ; Ringback Voltage on Fall at FPGA Pin ; 10-90 Rise Time at FPGA Pin ; 90-10 Fall Time at FPGA Pin ; Monotonic Rise at FPGA Pin ; Monotonic Fall at FPGA Pin ; Steady State Voh at Far-end ; Steady State Vol at Far-end ; Voh Max at Far-end ; Vol Min at Far-end ; Ringback Voltage on Rise at Far-end ; Ringback Voltage on Fall at Far-end ; 10-90 Rise Time at Far-end ; 90-10 Fall Time at Far-end ; Monotonic Rise at Far-end ; Monotonic Fall at Far-end ;
+--------+--------------+---------------------+---------------------+------------------------------+------------------------------+---------------------+---------------------+--------------------------------------+--------------------------------------+-----------------------------+-----------------------------+----------------------------+----------------------------+-----------------------------+-----------------------------+--------------------+--------------------+-------------------------------------+-------------------------------------+----------------------------+----------------------------+---------------------------+---------------------------+
; output ; 2.5 V        ; 0 s                 ; 0 s                 ; 2.75 V                       ; 4.25e-06 V                   ; 2.9 V               ; -0.107 V            ; 0.378 V                              ; 0.16 V                               ; 2.87e-10 s                  ; 4.28e-10 s                  ; No                         ; No                         ; 2.75 V                      ; 4.25e-06 V                  ; 2.9 V              ; -0.107 V           ; 0.378 V                             ; 0.16 V                              ; 2.87e-10 s                 ; 4.28e-10 s                 ; No                        ; No                        ;
+--------+--------------+---------------------+---------------------+------------------------------+------------------------------+---------------------+---------------------+--------------------------------------+--------------------------------------+-----------------------------+-----------------------------+----------------------------+----------------------------+-----------------------------+-----------------------------+--------------------+--------------------+-------------------------------------+-------------------------------------+----------------------------+----------------------------+---------------------------+---------------------------+


+-------------------------------------------------------------------------------------------------------------------------------------------------------------------------------------------------------------------------------------------------------------------------------------------------------------------------------------------------------------------------------------------------------------------------------------------------------------------------------------------------------------------------------------------------------------------------------------------------------------------------------------------------------------------------------------+
; Signal Integrity Metrics (Fast 1100mv 85c Model)                                                                                                                                                                                                                                                                                                                                                                                                                                                                                                                                                                                                                                    ;
+--------+--------------+---------------------+---------------------+------------------------------+------------------------------+---------------------+---------------------+--------------------------------------+--------------------------------------+-----------------------------+-----------------------------+----------------------------+----------------------------+-----------------------------+-----------------------------+--------------------+--------------------+-------------------------------------+-------------------------------------+----------------------------+----------------------------+---------------------------+---------------------------+
; Pin    ; I/O Standard ; Board Delay on Rise ; Board Delay on Fall ; Steady State Voh at FPGA Pin ; Steady State Vol at FPGA Pin ; Voh Max at FPGA Pin ; Vol Min at FPGA Pin ; Ringback Voltage on Rise at FPGA Pin ; Ringback Voltage on Fall at FPGA Pin ; 10-90 Rise Time at FPGA Pin ; 90-10 Fall Time at FPGA Pin ; Monotonic Rise at FPGA Pin ; Monotonic Fall at FPGA Pin ; Steady State Voh at Far-end ; Steady State Vol at Far-end ; Voh Max at Far-end ; Vol Min at Far-end ; Ringback Voltage on Rise at Far-end ; Ringback Voltage on Fall at Far-end ; 10-90 Rise Time at Far-end ; 90-10 Fall Time at Far-end ; Monotonic Rise at Far-end ; Monotonic Fall at Far-end ;
+--------+--------------+---------------------+---------------------+------------------------------+------------------------------+---------------------+---------------------+--------------------------------------+--------------------------------------+-----------------------------+-----------------------------+----------------------------+----------------------------+-----------------------------+-----------------------------+--------------------+--------------------+-------------------------------------+-------------------------------------+----------------------------+----------------------------+---------------------------+---------------------------+
; output ; 2.5 V        ; 0 s                 ; 0 s                 ; 2.75 V                       ; 0.000247 V                   ; 2.85 V              ; -0.0711 V           ; 0.204 V                              ; 0.181 V                              ; 4.55e-10 s                  ; 4.49e-10 s                  ; No                         ; No                         ; 2.75 V                      ; 0.000247 V                  ; 2.85 V             ; -0.0711 V          ; 0.204 V                             ; 0.181 V                             ; 4.55e-10 s                 ; 4.49e-10 s                 ; No                        ; No                        ;
+--------+--------------+---------------------+---------------------+------------------------------+------------------------------+---------------------+---------------------+--------------------------------------+--------------------------------------+-----------------------------+-----------------------------+----------------------------+----------------------------+-----------------------------+-----------------------------+--------------------+--------------------+-------------------------------------+-------------------------------------+----------------------------+----------------------------+---------------------------+---------------------------+


+---------------------------------------------------------------------------------------------------------------------------------------------------------------------------------------------------------------------------------------------------------------+
; Setup Transfers                                                                                                                                                                                                                                               ;
+---------------------------------------------------------------------------------------------------------+---------------------------------------------------------------------------------------------------------+----------+----------+----------+----------+
; From Clock                                                                                              ; To Clock                                                                                                ; RR Paths ; FR Paths ; RF Paths ; FF Paths ;
+---------------------------------------------------------------------------------------------------------+---------------------------------------------------------------------------------------------------------+----------+----------+----------+----------+
; Clk                                                                                                     ; Clk                                                                                                     ; 9878     ; 0        ; 205      ; 0        ;
; divb:inst1|clkout                                                                                       ; Clk                                                                                                     ; 6        ; 0        ; 0        ; 0        ;
; MEM_lab3:inst7|altsyncram:altsyncram_component|altsyncram_nho1:auto_generated|ram_block1a0~porta_we_reg ; Clk                                                                                                     ; 26       ; 18       ; 0        ; 0        ;
; divb:inst1|clkout                                                                                       ; divb:inst1|clkout                                                                                       ; 37       ; 0        ; 0        ; 0        ;
; MEM_lab3:inst7|altsyncram:altsyncram_component|altsyncram_nho1:auto_generated|ram_block1a0~porta_we_reg ; MEM_lab3:inst7|altsyncram:altsyncram_component|altsyncram_nho1:auto_generated|ram_block1a0~porta_we_reg ; 0        ; 7        ; 0        ; 114      ;
+---------------------------------------------------------------------------------------------------------+---------------------------------------------------------------------------------------------------------+----------+----------+----------+----------+
Entries labeled "false path" only account for clock-to-clock false paths and not path-based false paths. As a result, actual path counts may be lower than reported.


+---------------------------------------------------------------------------------------------------------------------------------------------------------------------------------------------------------------------------------------------------------------+
; Hold Transfers                                                                                                                                                                                                                                                ;
+---------------------------------------------------------------------------------------------------------+---------------------------------------------------------------------------------------------------------+----------+----------+----------+----------+
; From Clock                                                                                              ; To Clock                                                                                                ; RR Paths ; FR Paths ; RF Paths ; FF Paths ;
+---------------------------------------------------------------------------------------------------------+---------------------------------------------------------------------------------------------------------+----------+----------+----------+----------+
; Clk                                                                                                     ; Clk                                                                                                     ; 9878     ; 0        ; 205      ; 0        ;
; divb:inst1|clkout                                                                                       ; Clk                                                                                                     ; 6        ; 0        ; 0        ; 0        ;
; MEM_lab3:inst7|altsyncram:altsyncram_component|altsyncram_nho1:auto_generated|ram_block1a0~porta_we_reg ; Clk                                                                                                     ; 26       ; 18       ; 0        ; 0        ;
; divb:inst1|clkout                                                                                       ; divb:inst1|clkout                                                                                       ; 37       ; 0        ; 0        ; 0        ;
; MEM_lab3:inst7|altsyncram:altsyncram_component|altsyncram_nho1:auto_generated|ram_block1a0~porta_we_reg ; MEM_lab3:inst7|altsyncram:altsyncram_component|altsyncram_nho1:auto_generated|ram_block1a0~porta_we_reg ; 0        ; 7        ; 0        ; 114      ;
+---------------------------------------------------------------------------------------------------------+---------------------------------------------------------------------------------------------------------+----------+----------+----------+----------+
Entries labeled "false path" only account for clock-to-clock false paths and not path-based false paths. As a result, actual path counts may be lower than reported.


+-------------------------------------------------------------------------------------------------------------------------------------------------------------------------+
; Recovery Transfers                                                                                                                                                      ;
+---------------------------------------------------------------------------------------------------------+-------------------+----------+----------+----------+----------+
; From Clock                                                                                              ; To Clock          ; RR Paths ; FR Paths ; RF Paths ; FF Paths ;
+---------------------------------------------------------------------------------------------------------+-------------------+----------+----------+----------+----------+
; Clk                                                                                                     ; Clk               ; 43       ; 0        ; 0        ; 0        ;
; MEM_lab3:inst7|altsyncram:altsyncram_component|altsyncram_nho1:auto_generated|ram_block1a0~porta_we_reg ; Clk               ; 215      ; 215      ; 0        ; 0        ;
; Clk                                                                                                     ; divb:inst1|clkout ; 10       ; 0        ; 0        ; 0        ;
+---------------------------------------------------------------------------------------------------------+-------------------+----------+----------+----------+----------+
Entries labeled "false path" only account for clock-to-clock false paths and not path-based false paths. As a result, actual path counts may be lower than reported.


+-------------------------------------------------------------------------------------------------------------------------------------------------------------------------+
; Removal Transfers                                                                                                                                                       ;
+---------------------------------------------------------------------------------------------------------+-------------------+----------+----------+----------+----------+
; From Clock                                                                                              ; To Clock          ; RR Paths ; FR Paths ; RF Paths ; FF Paths ;
+---------------------------------------------------------------------------------------------------------+-------------------+----------+----------+----------+----------+
; Clk                                                                                                     ; Clk               ; 43       ; 0        ; 0        ; 0        ;
; MEM_lab3:inst7|altsyncram:altsyncram_component|altsyncram_nho1:auto_generated|ram_block1a0~porta_we_reg ; Clk               ; 215      ; 215      ; 0        ; 0        ;
; Clk                                                                                                     ; divb:inst1|clkout ; 10       ; 0        ; 0        ; 0        ;
+---------------------------------------------------------------------------------------------------------+-------------------+----------+----------+----------+----------+
Entries labeled "false path" only account for clock-to-clock false paths and not path-based false paths. As a result, actual path counts may be lower than reported.


---------------
; Report TCCS ;
---------------
No dedicated SERDES Transmitter circuitry present in device or used in design


---------------
; Report RSKM ;
---------------
No non-DPA dedicated SERDES Receiver circuitry present in device or used in design


+------------------------------------------------+
; Unconstrained Paths Summary                    ;
+---------------------------------+-------+------+
; Property                        ; Setup ; Hold ;
+---------------------------------+-------+------+
; Illegal Clocks                  ; 0     ; 0    ;
; Unconstrained Clocks            ; 0     ; 0    ;
; Unconstrained Input Ports       ; 2     ; 2    ;
; Unconstrained Input Port Paths  ; 54    ; 54   ;
; Unconstrained Output Ports      ; 1     ; 1    ;
; Unconstrained Output Port Paths ; 1     ; 1    ;
+---------------------------------+-------+------+


+----------------------------------------------------------------------------------------------------------------------------------------------------------------------------------------------------------------------------------------+
; Clock Status Summary                                                                                                                                                                                                                   ;
+---------------------------------------------------------------------------------------------------------+---------------------------------------------------------------------------------------------------------+------+-------------+
; Target                                                                                                  ; Clock                                                                                                   ; Type ; Status      ;
+---------------------------------------------------------------------------------------------------------+---------------------------------------------------------------------------------------------------------+------+-------------+
; Clk                                                                                                     ; Clk                                                                                                     ; Base ; Constrained ;
; MEM_lab3:inst7|altsyncram:altsyncram_component|altsyncram_nho1:auto_generated|ram_block1a0~porta_we_reg ; MEM_lab3:inst7|altsyncram:altsyncram_component|altsyncram_nho1:auto_generated|ram_block1a0~porta_we_reg ; Base ; Constrained ;
; divb:inst1|clkout                                                                                       ; divb:inst1|clkout                                                                                       ; Base ; Constrained ;
+---------------------------------------------------------------------------------------------------------+---------------------------------------------------------------------------------------------------------+------+-------------+


+---------------------------------------------------------------------------------------------------+
; Unconstrained Input Ports                                                                         ;
+------------+--------------------------------------------------------------------------------------+
; Input Port ; Comment                                                                              ;
+------------+--------------------------------------------------------------------------------------+
; reset      ; No input delay, min/max delays, false-path exceptions, or max skew assignments found ;
; sel        ; No input delay, min/max delays, false-path exceptions, or max skew assignments found ;
+------------+--------------------------------------------------------------------------------------+


+-----------------------------------------------------------------------------------------------------+
; Unconstrained Output Ports                                                                          ;
+-------------+---------------------------------------------------------------------------------------+
; Output Port ; Comment                                                                               ;
+-------------+---------------------------------------------------------------------------------------+
; output      ; No output delay, min/max delays, false-path exceptions, or max skew assignments found ;
+-------------+---------------------------------------------------------------------------------------+


+---------------------------------------------------------------------------------------------------+
; Unconstrained Input Ports                                                                         ;
+------------+--------------------------------------------------------------------------------------+
; Input Port ; Comment                                                                              ;
+------------+--------------------------------------------------------------------------------------+
; reset      ; No input delay, min/max delays, false-path exceptions, or max skew assignments found ;
; sel        ; No input delay, min/max delays, false-path exceptions, or max skew assignments found ;
+------------+--------------------------------------------------------------------------------------+


+-----------------------------------------------------------------------------------------------------+
; Unconstrained Output Ports                                                                          ;
+-------------+---------------------------------------------------------------------------------------+
; Output Port ; Comment                                                                               ;
+-------------+---------------------------------------------------------------------------------------+
; output      ; No output delay, min/max delays, false-path exceptions, or max skew assignments found ;
+-------------+---------------------------------------------------------------------------------------+


+--------------------------+
; Timing Analyzer Messages ;
+--------------------------+
Info: *******************************************************************
Info: Running Quartus Prime Timing Analyzer
    Info: Version 20.1.1 Build 720 11/11/2020 SJ Lite Edition
    Info: Processing started: Thu Oct 23 11:15:09 2025
Info: Command: quartus_sta lab3 -c lab3
Info: qsta_default_script.tcl version: #1
Warning (18236): Number of processors has not been specified which may cause overloading on shared machines.  Set the global assignment NUM_PARALLEL_PROCESSORS in your QSF to an appropriate value for best performance.
Info (20030): Parallel compilation is enabled and will use 4 of the 4 processors detected
Info (21077): Low junction temperature is 0 degrees C
Info (21077): High junction temperature is 85 degrees C
Critical Warning (332012): Synopsys Design Constraints File file not found: 'lab3.sdc'. A Synopsys Design Constraints File is required by the Timing Analyzer to get proper timing constraints. Without it, the Compiler will not properly optimize the design.
Info (332142): No user constrained base clocks found in the design. Calling "derive_clocks -period 1.0"
Info (332105): Deriving Clocks
    Info (332105): create_clock -period 1.000 -name Clk Clk
    Info (332105): create_clock -period 1.000 -name MEM_lab3:inst7|altsyncram:altsyncram_component|altsyncram_nho1:auto_generated|ram_block1a0~porta_we_reg MEM_lab3:inst7|altsyncram:altsyncram_component|altsyncram_nho1:auto_generated|ram_block1a0~porta_we_reg
    Info (332105): create_clock -period 1.000 -name divb:inst1|clkout divb:inst1|clkout
Info (332097): The following timing edges are non-unate.  The Timing Analyzer will assume pos-unate behavior for these edges in the clock network.
    Info (332098): From: MEM_lab3:inst7|altsyncram:altsyncram_component|altsyncram_nho1:auto_generated|ram_block1a0~porta_we_reg  to: inst7|altsyncram_component|auto_generated|ram_block1a0|portadataout[5]
Info (332143): No user constrained clock uncertainty found in the design. Calling "derive_clock_uncertainty"
Info (332123): Deriving Clock Uncertainty. Please refer to report_sdc in the Timing Analyzer to see clock uncertainties.
Info: Found TIMING_ANALYZER_REPORT_SCRIPT_INCLUDE_DEFAULT_ANALYSIS = ON
Info: Analyzing Slow 1100mV 85C Model
Critical Warning (332148): Timing requirements not met
    Info (11105): For recommendations on closing timing, run Report Timing Closure Recommendations in the Timing Analyzer.
Info (332146): Worst-case setup slack is -6.480
    Info (332119):     Slack       End Point TNS Clock 
    Info (332119): ========= =================== =====================
    Info (332119):    -6.480            -432.492 Clk 
    Info (332119):    -3.398             -51.403 MEM_lab3:inst7|altsyncram:altsyncram_component|altsyncram_nho1:auto_generated|ram_block1a0~porta_we_reg 
    Info (332119):    -1.287             -12.379 divb:inst1|clkout 
Info (332146): Worst-case hold slack is -3.406
    Info (332119):     Slack       End Point TNS Clock 
    Info (332119): ========= =================== =====================
    Info (332119):    -3.406             -43.357 Clk 
    Info (332119):    -0.967              -5.656 MEM_lab3:inst7|altsyncram:altsyncram_component|altsyncram_nho1:auto_generated|ram_block1a0~porta_we_reg 
    Info (332119):     0.787               0.000 divb:inst1|clkout 
Info (332146): Worst-case recovery slack is -2.797
    Info (332119):     Slack       End Point TNS Clock 
    Info (332119): ========= =================== =====================
    Info (332119):    -2.797             -27.941 divb:inst1|clkout 
    Info (332119):    -2.477            -102.466 Clk 
Info (332146): Worst-case removal slack is -2.179
    Info (332119):     Slack       End Point TNS Clock 
    Info (332119): ========= =================== =====================
    Info (332119):    -2.179             -88.763 Clk 
    Info (332119):     2.126               0.000 divb:inst1|clkout 
Info (332146): Worst-case minimum pulse width slack is -2.174
    Info (332119):     Slack       End Point TNS Clock 
    Info (332119): ========= =================== =====================
    Info (332119):    -2.174            -246.025 Clk 
    Info (332119):    -1.701            -104.676 MEM_lab3:inst7|altsyncram:altsyncram_component|altsyncram_nho1:auto_generated|ram_block1a0~porta_we_reg 
    Info (332119):    -0.394              -6.827 divb:inst1|clkout 
Info: Analyzing Slow 1100mV 0C Model
Info (334003): Started post-fitting delay annotation
Info (334004): Delay annotation completed successfully
Info (332097): The following timing edges are non-unate.  The Timing Analyzer will assume pos-unate behavior for these edges in the clock network.
    Info (332098): From: MEM_lab3:inst7|altsyncram:altsyncram_component|altsyncram_nho1:auto_generated|ram_block1a0~porta_we_reg  to: inst7|altsyncram_component|auto_generated|ram_block1a0|portadataout[5]
Info (332123): Deriving Clock Uncertainty. Please refer to report_sdc in the Timing Analyzer to see clock uncertainties.
Critical Warning (332148): Timing requirements not met
    Info (11105): For recommendations on closing timing, run Report Timing Closure Recommendations in the Timing Analyzer.
Info (332146): Worst-case setup slack is -6.462
    Info (332119):     Slack       End Point TNS Clock 
    Info (332119): ========= =================== =====================
    Info (332119):    -6.462            -425.322 Clk 
    Info (332119):    -3.371             -51.481 MEM_lab3:inst7|altsyncram:altsyncram_component|altsyncram_nho1:auto_generated|ram_block1a0~porta_we_reg 
    Info (332119):    -1.312             -12.727 divb:inst1|clkout 
Info (332146): Worst-case hold slack is -3.541
    Info (332119):     Slack       End Point TNS Clock 
    Info (332119): ========= =================== =====================
    Info (332119):    -3.541             -47.467 Clk 
    Info (332119):    -0.948              -5.411 MEM_lab3:inst7|altsyncram:altsyncram_component|altsyncram_nho1:auto_generated|ram_block1a0~porta_we_reg 
    Info (332119):     0.733               0.000 divb:inst1|clkout 
Info (332146): Worst-case recovery slack is -2.920
    Info (332119):     Slack       End Point TNS Clock 
    Info (332119): ========= =================== =====================
    Info (332119):    -2.920             -29.174 divb:inst1|clkout 
    Info (332119):    -2.366             -98.731 Clk 
Info (332146): Worst-case removal slack is -2.306
    Info (332119):     Slack       End Point TNS Clock 
    Info (332119): ========= =================== =====================
    Info (332119):    -2.306             -95.239 Clk 
    Info (332119):     2.275               0.000 divb:inst1|clkout 
Info (332146): Worst-case minimum pulse width slack is -2.174
    Info (332119):     Slack       End Point TNS Clock 
    Info (332119): ========= =================== =====================
    Info (332119):    -2.174            -249.581 Clk 
    Info (332119):    -1.835            -107.190 MEM_lab3:inst7|altsyncram:altsyncram_component|altsyncram_nho1:auto_generated|ram_block1a0~porta_we_reg 
    Info (332119):    -0.394              -6.885 divb:inst1|clkout 
Info: Analyzing Fast 1100mV 85C Model
Info (334003): Started post-fitting delay annotation
Info (334004): Delay annotation completed successfully
Info (332097): The following timing edges are non-unate.  The Timing Analyzer will assume pos-unate behavior for these edges in the clock network.
    Info (332098): From: MEM_lab3:inst7|altsyncram:altsyncram_component|altsyncram_nho1:auto_generated|ram_block1a0~porta_we_reg  to: inst7|altsyncram_component|auto_generated|ram_block1a0|portadataout[5]
Info (332123): Deriving Clock Uncertainty. Please refer to report_sdc in the Timing Analyzer to see clock uncertainties.
Critical Warning (332148): Timing requirements not met
    Info (11105): For recommendations on closing timing, run Report Timing Closure Recommendations in the Timing Analyzer.
Info (332146): Worst-case setup slack is -3.564
    Info (332119):     Slack       End Point TNS Clock 
    Info (332119): ========= =================== =====================
    Info (332119):    -3.564            -230.026 Clk 
    Info (332119):    -1.585             -25.366 MEM_lab3:inst7|altsyncram:altsyncram_component|altsyncram_nho1:auto_generated|ram_block1a0~porta_we_reg 
    Info (332119):    -0.461              -4.235 divb:inst1|clkout 
Info (332146): Worst-case hold slack is -1.987
    Info (332119):     Slack       End Point TNS Clock 
    Info (332119): ========= =================== =====================
    Info (332119):    -1.987             -25.099 Clk 
    Info (332119):    -0.375              -1.851 MEM_lab3:inst7|altsyncram:altsyncram_component|altsyncram_nho1:auto_generated|ram_block1a0~porta_we_reg 
    Info (332119):     0.396               0.000 divb:inst1|clkout 
Info (332146): Worst-case recovery slack is -1.240
    Info (332119):     Slack       End Point TNS Clock 
    Info (332119): ========= =================== =====================
    Info (332119):    -1.240             -49.242 Clk 
    Info (332119):    -1.213             -12.119 divb:inst1|clkout 
Info (332146): Worst-case removal slack is -1.306
    Info (332119):     Slack       End Point TNS Clock 
    Info (332119): ========= =================== =====================
    Info (332119):    -1.306             -52.227 Clk 
    Info (332119):     0.965               0.000 divb:inst1|clkout 
Info (332146): Worst-case minimum pulse width slack is -2.174
    Info (332119):     Slack       End Point TNS Clock 
    Info (332119): ========= =================== =====================
    Info (332119):    -2.174            -205.946 Clk 
    Info (332119):    -0.815             -36.180 MEM_lab3:inst7|altsyncram:altsyncram_component|altsyncram_nho1:auto_generated|ram_block1a0~porta_we_reg 
    Info (332119):    -0.049              -0.483 divb:inst1|clkout 
Info: Analyzing Fast 1100mV 0C Model
Info (332097): The following timing edges are non-unate.  The Timing Analyzer will assume pos-unate behavior for these edges in the clock network.
    Info (332098): From: MEM_lab3:inst7|altsyncram:altsyncram_component|altsyncram_nho1:auto_generated|ram_block1a0~porta_we_reg  to: inst7|altsyncram_component|auto_generated|ram_block1a0|portadataout[5]
Info (332123): Deriving Clock Uncertainty. Please refer to report_sdc in the Timing Analyzer to see clock uncertainties.
Critical Warning (332148): Timing requirements not met
    Info (11105): For recommendations on closing timing, run Report Timing Closure Recommendations in the Timing Analyzer.
Info (332146): Worst-case setup slack is -3.262
    Info (332119):     Slack       End Point TNS Clock 
    Info (332119): ========= =================== =====================
    Info (332119):    -3.262            -203.626 Clk 
    Info (332119):    -1.447             -23.330 MEM_lab3:inst7|altsyncram:altsyncram_component|altsyncram_nho1:auto_generated|ram_block1a0~porta_we_reg 
    Info (332119):    -0.398              -3.688 divb:inst1|clkout 
Info (332146): Worst-case hold slack is -1.996
    Info (332119):     Slack       End Point TNS Clock 
    Info (332119): ========= =================== =====================
    Info (332119):    -1.996             -26.955 Clk 
    Info (332119):    -0.378              -1.917 MEM_lab3:inst7|altsyncram:altsyncram_component|altsyncram_nho1:auto_generated|ram_block1a0~porta_we_reg 
    Info (332119):     0.363               0.000 divb:inst1|clkout 
Info (332146): Worst-case recovery slack is -1.220
    Info (332119):     Slack       End Point TNS Clock 
    Info (332119): ========= =================== =====================
    Info (332119):    -1.220             -12.189 divb:inst1|clkout 
    Info (332119):    -1.025             -40.764 Clk 
Info (332146): Worst-case removal slack is -1.365
    Info (332119):     Slack       End Point TNS Clock 
    Info (332119): ========= =================== =====================
    Info (332119):    -1.365             -55.268 Clk 
    Info (332119):     0.990               0.000 divb:inst1|clkout 
Info (332146): Worst-case minimum pulse width slack is -2.174
    Info (332119):     Slack       End Point TNS Clock 
    Info (332119): ========= =================== =====================
    Info (332119):    -2.174            -205.889 Clk 
    Info (332119):    -0.751             -33.878 MEM_lab3:inst7|altsyncram:altsyncram_component|altsyncram_nho1:auto_generated|ram_block1a0~porta_we_reg 
    Info (332119):    -0.011              -0.105 divb:inst1|clkout 
Info (332102): Design is not fully constrained for setup requirements
Info (332102): Design is not fully constrained for hold requirements
Info: Quartus Prime Timing Analyzer was successful. 0 errors, 6 warnings
    Info: Peak virtual memory: 5174 megabytes
    Info: Processing ended: Thu Oct 23 11:15:15 2025
    Info: Elapsed time: 00:00:06
    Info: Total CPU time (on all processors): 00:00:06


